0 info it worked if it ends with ok
1 verbose cli [ '/usr/bin/node', '/usr/bin/npm', 'install', '-g', '@angular/cli' ]
2 info using npm@6.14.4
3 info using node@v12.16.3
4 verbose npm-session b067f75006a960ac
5 silly install loadCurrentTree
6 silly install readGlobalPackageData
7 http fetch GET 200 https://registry.npmjs.org/@angular%2fcli 294ms
8 http fetch GET 200 https://registry.npmjs.org/@angular/cli/-/cli-9.1.3.tgz 90ms
9 silly pacote tag manifest for @angular/cli@latest fetched in 403ms
10 timing stage:loadCurrentTree Completed in 428ms
11 silly install loadIdealTree
12 silly install cloneCurrentTreeToIdealTree
13 timing stage:loadIdealTree:cloneCurrentTree Completed in 0ms
14 silly install loadShrinkwrap
15 timing stage:loadIdealTree:loadShrinkwrap Completed in 1ms
16 silly install loadAllDepsIntoIdealTree
17 silly resolveWithNewModule @angular/cli@9.1.3 checking installable status
18 http fetch GET 200 https://registry.npmjs.org/ini 165ms
19 http fetch GET 200 https://registry.npmjs.org/@yarnpkg%2flockfile 166ms
20 http fetch GET 200 https://registry.npmjs.org/debug 187ms
21 http fetch GET 200 https://registry.npmjs.org/ansi-colors 219ms
22 http fetch GET 200 https://registry.npmjs.org/inquirer 229ms
23 http fetch GET 200 https://registry.npmjs.org/@angular-devkit%2fschematics 317ms
24 http fetch GET 200 https://registry.npmjs.org/@schematics%2fangular 318ms
25 http fetch GET 200 https://registry.npmjs.org/ini/-/ini-1.3.5.tgz 141ms
26 http fetch GET 200 https://registry.npmjs.org/@schematics%2fupdate 314ms
27 http fetch GET 200 https://registry.npmjs.org/@angular-devkit%2fcore 336ms
28 http fetch GET 200 https://registry.npmjs.org/debug/-/debug-4.1.1.tgz 112ms
29 http fetch GET 200 https://registry.npmjs.org/ansi-colors/-/ansi-colors-4.1.1.tgz 124ms
30 http fetch GET 200 https://registry.npmjs.org/@yarnpkg/lockfile/-/lockfile-1.1.0.tgz 174ms
31 silly pacote version manifest for ini@1.3.5 fetched in 350ms
32 silly resolveWithNewModule ini@1.3.5 checking installable status
33 silly pacote version manifest for debug@4.1.1 fetched in 352ms
34 silly resolveWithNewModule debug@4.1.1 checking installable status
35 http fetch GET 200 https://registry.npmjs.org/inquirer/-/inquirer-7.1.0.tgz 108ms
36 silly pacote version manifest for ansi-colors@4.1.1 fetched in 355ms
37 silly resolveWithNewModule ansi-colors@4.1.1 checking installable status
38 silly pacote version manifest for @yarnpkg/lockfile@1.1.0 fetched in 356ms
39 silly resolveWithNewModule @yarnpkg/lockfile@1.1.0 checking installable status
40 silly pacote version manifest for inquirer@7.1.0 fetched in 358ms
41 silly resolveWithNewModule inquirer@7.1.0 checking installable status
42 http fetch GET 200 https://registry.npmjs.org/@angular-devkit/schematics/-/schematics-9.1.3.tgz 254ms
43 http fetch GET 200 https://registry.npmjs.org/@angular-devkit%2farchitect 582ms
44 http fetch GET 200 https://registry.npmjs.org/open 214ms
45 http fetch GET 200 https://registry.npmjs.org/@angular-devkit/core/-/core-9.1.3.tgz 225ms
46 http fetch GET 200 https://registry.npmjs.org/npm-pick-manifest 217ms
47 http fetch GET 200 https://registry.npmjs.org/read-package-tree 211ms
48 http fetch GET 200 https://registry.npmjs.org/@schematics/angular/-/angular-9.1.3.tgz 256ms
49 http fetch GET 200 https://registry.npmjs.org/pacote 218ms
50 http fetch GET 200 https://registry.npmjs.org/npm-package-arg 224ms
51 http fetch GET 200 https://registry.npmjs.org/@schematics/update/-/update-0.901.3.tgz 249ms
52 silly pacote version manifest for @angular-devkit/schematics@9.1.3 fetched in 604ms
53 silly resolveWithNewModule @angular-devkit/schematics@9.1.3 checking installable status
54 silly pacote version manifest for @angular-devkit/core@9.1.3 fetched in 606ms
55 silly resolveWithNewModule @angular-devkit/core@9.1.3 checking installable status
56 silly pacote version manifest for @schematics/angular@9.1.3 fetched in 606ms
57 silly resolveWithNewModule @schematics/angular@9.1.3 checking installable status
58 silly pacote version manifest for @schematics/update@0.901.3 fetched in 596ms
59 silly resolveWithNewModule @schematics/update@0.901.3 checking installable status
60 http fetch GET 200 https://registry.npmjs.org/npm-package-arg/-/npm-package-arg-8.0.1.tgz 73ms
61 http fetch GET 200 https://registry.npmjs.org/npm-pick-manifest/-/npm-pick-manifest-6.0.0.tgz 80ms
62 http fetch GET 200 https://registry.npmjs.org/read-package-tree/-/read-package-tree-5.3.1.tgz 80ms
63 http fetch GET 200 https://registry.npmjs.org/rimraf 67ms
64 http fetch GET 200 https://registry.npmjs.org/semver 68ms
65 http fetch GET 200 https://registry.npmjs.org/symbol-observable 70ms
66 http fetch GET 200 https://registry.npmjs.org/pacote/-/pacote-9.5.12.tgz 83ms
67 http fetch GET 200 https://registry.npmjs.org/@angular-devkit/architect/-/architect-0.901.3.tgz 90ms
68 http fetch GET 200 https://registry.npmjs.org/universal-analytics 71ms
69 silly pacote version manifest for npm-package-arg@8.0.1 fetched in 326ms
70 silly resolveWithNewModule npm-package-arg@8.0.1 checking installable status
71 silly pacote version manifest for npm-pick-manifest@6.0.0 fetched in 328ms
72 silly resolveWithNewModule npm-pick-manifest@6.0.0 checking installable status
73 silly pacote version manifest for read-package-tree@5.3.1 fetched in 322ms
74 silly resolveWithNewModule read-package-tree@5.3.1 checking installable status
75 silly pacote version manifest for pacote@9.5.12 fetched in 328ms
76 silly resolveWithNewModule pacote@9.5.12 checking installable status
77 silly pacote version manifest for @angular-devkit/architect@0.901.3 fetched in 698ms
78 silly resolveWithNewModule @angular-devkit/architect@0.901.3 checking installable status
79 http fetch GET 200 https://registry.npmjs.org/open/-/open-7.0.3.tgz 110ms
80 silly pacote version manifest for open@7.0.3 fetched in 333ms
81 silly resolveWithNewModule open@7.0.3 checking installable status
82 http fetch GET 200 https://registry.npmjs.org/rimraf/-/rimraf-3.0.2.tgz 66ms
83 http fetch GET 200 https://registry.npmjs.org/semver/-/semver-7.1.3.tgz 67ms
84 http fetch GET 200 https://registry.npmjs.org/universal-analytics/-/universal-analytics-0.4.20.tgz 61ms
85 http fetch GET 200 https://registry.npmjs.org/uuid 53ms
86 http fetch GET 200 https://registry.npmjs.org/symbol-observable/-/symbol-observable-1.2.0.tgz 62ms
87 silly pacote version manifest for rimraf@3.0.2 fetched in 146ms
88 silly resolveWithNewModule rimraf@3.0.2 checking installable status
89 silly pacote version manifest for semver@7.1.3 fetched in 145ms
90 silly resolveWithNewModule semver@7.1.3 checking installable status
91 silly pacote version manifest for universal-analytics@0.4.20 fetched in 143ms
92 silly resolveWithNewModule universal-analytics@0.4.20 checking installable status
93 silly pacote version manifest for symbol-observable@1.2.0 fetched in 144ms
94 silly resolveWithNewModule symbol-observable@1.2.0 checking installable status
95 http fetch GET 200 https://registry.npmjs.org/uuid/-/uuid-7.0.2.tgz 68ms
96 silly pacote version manifest for uuid@7.0.2 fetched in 124ms
97 silly resolveWithNewModule uuid@7.0.2 checking installable status
98 http fetch GET 200 https://registry.npmjs.org/rxjs 50ms
99 http fetch GET 200 https://registry.npmjs.org/rxjs/-/rxjs-6.5.4.tgz 191ms
100 silly pacote version manifest for rxjs@6.5.4 fetched in 247ms
101 silly resolveWithNewModule rxjs@6.5.4 checking installable status
102 http fetch GET 200 https://registry.npmjs.org/fast-json-stable-stringify 62ms
103 http fetch GET 200 https://registry.npmjs.org/magic-string 63ms
104 http fetch GET 200 https://registry.npmjs.org/ajv 78ms
105 http fetch GET 200 https://registry.npmjs.org/source-map 90ms
106 http fetch GET 200 https://registry.npmjs.org/magic-string/-/magic-string-0.25.7.tgz 42ms
107 silly pacote version manifest for magic-string@0.25.7 fetched in 108ms
108 silly resolveWithNewModule magic-string@0.25.7 checking installable status
109 http fetch GET 200 https://registry.npmjs.org/fast-json-stable-stringify/-/fast-json-stable-stringify-2.1.0.tgz 57ms
110 silly pacote version manifest for fast-json-stable-stringify@2.1.0 fetched in 126ms
111 silly resolveWithNewModule fast-json-stable-stringify@2.1.0 checking installable status
112 http fetch GET 200 https://registry.npmjs.org/source-map/-/source-map-0.7.3.tgz 110ms
113 http fetch GET 200 https://registry.npmjs.org/ajv/-/ajv-6.12.0.tgz 118ms
114 silly pacote version manifest for source-map@0.7.3 fetched in 204ms
115 silly resolveWithNewModule source-map@0.7.3 checking installable status
116 silly pacote version manifest for ajv@6.12.0 fetched in 204ms
117 silly resolveWithNewModule ajv@6.12.0 checking installable status
118 http fetch GET 200 https://registry.npmjs.org/fast-deep-equal 51ms
119 http fetch GET 200 https://registry.npmjs.org/json-schema-traverse 54ms
120 http fetch GET 200 https://registry.npmjs.org/uri-js 57ms
121 http fetch GET 200 https://registry.npmjs.org/fast-deep-equal/-/fast-deep-equal-3.1.1.tgz 44ms
122 silly pacote range manifest for fast-deep-equal@^3.1.1 fetched in 99ms
123 silly resolveWithNewModule fast-deep-equal@3.1.1 checking installable status
124 http fetch GET 200 https://registry.npmjs.org/json-schema-traverse/-/json-schema-traverse-0.4.1.tgz 55ms
125 silly pacote range manifest for json-schema-traverse@^0.4.1 fetched in 112ms
126 silly resolveWithNewModule json-schema-traverse@0.4.1 checking installable status
127 http fetch GET 200 https://registry.npmjs.org/uri-js/-/uri-js-4.2.2.tgz 163ms
128 silly pacote range manifest for uri-js@^4.2.2 fetched in 224ms
129 silly resolveWithNewModule uri-js@4.2.2 checking installable status
130 http fetch GET 200 https://registry.npmjs.org/punycode 53ms
131 http fetch GET 200 https://registry.npmjs.org/punycode/-/punycode-2.1.1.tgz 50ms
132 silly pacote range manifest for punycode@^2.1.0 fetched in 108ms
133 silly resolveWithNewModule punycode@2.1.1 checking installable status
134 http fetch GET 200 https://registry.npmjs.org/sourcemap-codec 50ms
135 http fetch GET 200 https://registry.npmjs.org/sourcemap-codec/-/sourcemap-codec-1.4.8.tgz 48ms
136 silly pacote range manifest for sourcemap-codec@^1.4.4 fetched in 102ms
137 silly resolveWithNewModule sourcemap-codec@1.4.8 checking installable status
138 http fetch GET 200 https://registry.npmjs.org/tslib 45ms
139 http fetch GET 200 https://registry.npmjs.org/tslib/-/tslib-1.11.1.tgz 47ms
140 silly pacote range manifest for tslib@^1.9.0 fetched in 95ms
141 silly resolveWithNewModule tslib@1.11.1 checking installable status
142 http fetch GET 200 https://registry.npmjs.org/ora 60ms
143 http fetch GET 200 https://registry.npmjs.org/ora/-/ora-4.0.3.tgz 52ms
144 silly pacote version manifest for ora@4.0.3 fetched in 115ms
145 silly resolveWithNewModule ora@4.0.3 checking installable status
146 http fetch GET 200 https://registry.npmjs.org/cli-spinners 87ms
147 http fetch GET 200 https://registry.npmjs.org/is-interactive 89ms
148 http fetch GET 200 https://registry.npmjs.org/mute-stream 88ms
149 http fetch GET 200 https://registry.npmjs.org/log-symbols 91ms
150 http fetch GET 200 https://registry.npmjs.org/chalk 91ms
151 http fetch GET 200 https://registry.npmjs.org/wcwidth 92ms
152 http fetch GET 200 https://registry.npmjs.org/cli-cursor 103ms
153 http fetch GET 200 https://registry.npmjs.org/strip-ansi 113ms
154 http fetch GET 200 https://registry.npmjs.org/cli-spinners/-/cli-spinners-2.3.0.tgz 61ms
155 http fetch GET 200 https://registry.npmjs.org/is-interactive/-/is-interactive-1.0.0.tgz 63ms
156 http fetch GET 200 https://registry.npmjs.org/log-symbols/-/log-symbols-3.0.0.tgz 57ms
157 http fetch GET 200 https://registry.npmjs.org/wcwidth/-/wcwidth-1.0.1.tgz 58ms
158 silly pacote range manifest for cli-spinners@^2.2.0 fetched in 160ms
159 silly resolveWithNewModule cli-spinners@2.3.0 checking installable status
160 http fetch GET 200 https://registry.npmjs.org/chalk/-/chalk-3.0.0.tgz 60ms
161 http fetch GET 200 https://registry.npmjs.org/mute-stream/-/mute-stream-0.0.8.tgz 69ms
162 http fetch GET 200 https://registry.npmjs.org/cli-cursor/-/cli-cursor-3.1.0.tgz 56ms
163 silly pacote range manifest for is-interactive@^1.0.0 fetched in 164ms
164 silly resolveWithNewModule is-interactive@1.0.0 checking installable status
165 silly pacote range manifest for log-symbols@^3.0.0 fetched in 165ms
166 silly resolveWithNewModule log-symbols@3.0.0 checking installable status
167 silly pacote range manifest for wcwidth@^1.0.1 fetched in 164ms
168 silly resolveWithNewModule wcwidth@1.0.1 checking installable status
169 silly pacote range manifest for chalk@^3.0.0 fetched in 167ms
170 silly resolveWithNewModule chalk@3.0.0 checking installable status
171 silly pacote version manifest for mute-stream@0.0.8 fetched in 167ms
172 silly resolveWithNewModule mute-stream@0.0.8 checking installable status
173 silly pacote range manifest for cli-cursor@^3.1.0 fetched in 171ms
174 silly resolveWithNewModule cli-cursor@3.1.0 checking installable status
175 http fetch GET 200 https://registry.npmjs.org/strip-ansi/-/strip-ansi-6.0.0.tgz 69ms
176 silly pacote range manifest for strip-ansi@^6.0.0 fetched in 183ms
177 silly resolveWithNewModule strip-ansi@6.0.0 checking installable status
178 http fetch GET 200 https://registry.npmjs.org/ansi-styles 45ms
179 http fetch GET 200 https://registry.npmjs.org/supports-color 52ms
180 http fetch GET 200 https://registry.npmjs.org/supports-color/-/supports-color-7.1.0.tgz 46ms
181 http fetch GET 200 https://registry.npmjs.org/ansi-styles/-/ansi-styles-4.2.1.tgz 52ms
182 silly pacote range manifest for supports-color@^7.1.0 fetched in 103ms
183 silly resolveWithNewModule supports-color@7.1.0 checking installable status
184 silly pacote range manifest for ansi-styles@^4.1.0 fetched in 103ms
185 silly resolveWithNewModule ansi-styles@4.2.1 checking installable status
186 http fetch GET 200 https://registry.npmjs.org/color-convert 49ms
187 http fetch GET 200 https://registry.npmjs.org/@types%2fcolor-name 51ms
188 http fetch GET 200 https://registry.npmjs.org/@types/color-name/-/color-name-1.1.1.tgz 50ms
189 http fetch GET 200 https://registry.npmjs.org/color-convert/-/color-convert-2.0.1.tgz 52ms
190 silly pacote range manifest for @types/color-name@^1.1.1 fetched in 106ms
191 silly resolveWithNewModule @types/color-name@1.1.1 checking installable status
192 silly pacote range manifest for color-convert@^2.0.1 fetched in 106ms
193 silly resolveWithNewModule color-convert@2.0.1 checking installable status
194 http fetch GET 200 https://registry.npmjs.org/color-name 44ms
195 http fetch GET 200 https://registry.npmjs.org/color-name/-/color-name-1.1.4.tgz 76ms
196 silly pacote range manifest for color-name@~1.1.4 fetched in 125ms
197 silly resolveWithNewModule color-name@1.1.4 checking installable status
198 http fetch GET 200 https://registry.npmjs.org/has-flag 45ms
199 http fetch GET 200 https://registry.npmjs.org/has-flag/-/has-flag-4.0.0.tgz 45ms
200 silly pacote range manifest for has-flag@^4.0.0 fetched in 99ms
201 silly resolveWithNewModule has-flag@4.0.0 checking installable status
202 http fetch GET 200 https://registry.npmjs.org/restore-cursor 48ms
203 http fetch GET 200 https://registry.npmjs.org/restore-cursor/-/restore-cursor-3.1.0.tgz 43ms
204 silly pacote range manifest for restore-cursor@^3.1.0 fetched in 94ms
205 silly resolveWithNewModule restore-cursor@3.1.0 checking installable status
206 http fetch GET 200 https://registry.npmjs.org/onetime 45ms
207 http fetch GET 200 https://registry.npmjs.org/signal-exit 65ms
208 http fetch GET 200 https://registry.npmjs.org/onetime/-/onetime-5.1.0.tgz 44ms
209 silly pacote range manifest for onetime@^5.1.0 fetched in 97ms
210 silly resolveWithNewModule onetime@5.1.0 checking installable status
211 http fetch GET 200 https://registry.npmjs.org/signal-exit/-/signal-exit-3.0.3.tgz 55ms
212 silly pacote range manifest for signal-exit@^3.0.2 fetched in 123ms
213 silly resolveWithNewModule signal-exit@3.0.3 checking installable status
214 http fetch GET 200 https://registry.npmjs.org/mimic-fn 50ms
215 http fetch GET 200 https://registry.npmjs.org/mimic-fn/-/mimic-fn-2.1.0.tgz 266ms
216 silly pacote range manifest for mimic-fn@^2.1.0 fetched in 320ms
217 silly resolveWithNewModule mimic-fn@2.1.0 checking installable status
218 http fetch GET 200 https://registry.npmjs.org/chalk/-/chalk-2.4.2.tgz 60ms
219 silly pacote range manifest for chalk@^2.4.2 fetched in 67ms
220 silly resolveWithNewModule chalk@2.4.2 checking installable status
221 http fetch GET 200 https://registry.npmjs.org/ansi-styles/-/ansi-styles-3.2.1.tgz 50ms
222 http fetch GET 200 https://registry.npmjs.org/escape-string-regexp 60ms
223 silly pacote range manifest for ansi-styles@^3.2.1 fetched in 65ms
224 silly resolveWithNewModule ansi-styles@3.2.1 checking installable status
225 http fetch GET 200 https://registry.npmjs.org/supports-color/-/supports-color-5.5.0.tgz 57ms
226 silly pacote range manifest for supports-color@^5.3.0 fetched in 67ms
227 silly resolveWithNewModule supports-color@5.5.0 checking installable status
228 http fetch GET 200 https://registry.npmjs.org/escape-string-regexp/-/escape-string-regexp-1.0.5.tgz 45ms
229 silly pacote range manifest for escape-string-regexp@^1.0.5 fetched in 108ms
230 silly resolveWithNewModule escape-string-regexp@1.0.5 checking installable status
231 http fetch GET 200 https://registry.npmjs.org/color-convert/-/color-convert-1.9.3.tgz 53ms
232 silly pacote range manifest for color-convert@^1.9.0 fetched in 58ms
233 silly resolveWithNewModule color-convert@1.9.3 checking installable status
234 http fetch GET 200 https://registry.npmjs.org/color-name/-/color-name-1.1.3.tgz 49ms
235 silly pacote version manifest for color-name@1.1.3 fetched in 53ms
236 silly resolveWithNewModule color-name@1.1.3 checking installable status
237 http fetch GET 200 https://registry.npmjs.org/has-flag/-/has-flag-3.0.0.tgz 45ms
238 silly pacote range manifest for has-flag@^3.0.0 fetched in 48ms
239 silly resolveWithNewModule has-flag@3.0.0 checking installable status
240 http fetch GET 200 https://registry.npmjs.org/ansi-regex 66ms
241 http fetch GET 200 https://registry.npmjs.org/ansi-regex/-/ansi-regex-5.0.0.tgz 64ms
242 silly pacote range manifest for ansi-regex@^5.0.0 fetched in 142ms
243 silly resolveWithNewModule ansi-regex@5.0.0 checking installable status
244 http fetch GET 200 https://registry.npmjs.org/defaults 44ms
245 http fetch GET 200 https://registry.npmjs.org/defaults/-/defaults-1.0.3.tgz 50ms
246 silly pacote range manifest for defaults@^1.0.3 fetched in 98ms
247 silly resolveWithNewModule defaults@1.0.3 checking installable status
248 http fetch GET 200 https://registry.npmjs.org/clone 45ms
249 http fetch GET 200 https://registry.npmjs.org/clone/-/clone-1.0.4.tgz 48ms
250 silly pacote range manifest for clone@^1.0.2 fetched in 97ms
251 silly resolveWithNewModule clone@1.0.4 checking installable status
252 http fetch GET 200 https://registry.npmjs.org/semver-intersect 52ms
253 http fetch GET 200 https://registry.npmjs.org/semver-intersect/-/semver-intersect-1.4.0.tgz 60ms
254 silly pacote version manifest for semver-intersect@1.4.0 fetched in 117ms
255 silly resolveWithNewModule semver-intersect@1.4.0 checking installable status
256 http fetch GET 200 https://registry.npmjs.org/validate-npm-package-name 44ms
257 http fetch GET 200 https://registry.npmjs.org/hosted-git-info 59ms
258 http fetch GET 200 https://registry.npmjs.org/validate-npm-package-name/-/validate-npm-package-name-3.0.0.tgz 50ms
259 silly pacote range manifest for validate-npm-package-name@^3.0.0 fetched in 98ms
260 silly resolveWithNewModule validate-npm-package-name@3.0.0 checking installable status
261 http fetch GET 200 https://registry.npmjs.org/hosted-git-info/-/hosted-git-info-3.0.4.tgz 45ms
262 silly pacote range manifest for hosted-git-info@^3.0.2 fetched in 107ms
263 silly resolveWithNewModule hosted-git-info@3.0.4 checking installable status
264 http fetch GET 200 https://registry.npmjs.org/lru-cache 47ms
265 http fetch GET 200 https://registry.npmjs.org/lru-cache/-/lru-cache-5.1.1.tgz 46ms
266 silly pacote range manifest for lru-cache@^5.1.1 fetched in 98ms
267 silly resolveWithNewModule lru-cache@5.1.1 checking installable status
268 http fetch GET 200 https://registry.npmjs.org/yallist 54ms
269 http fetch GET 200 https://registry.npmjs.org/yallist/-/yallist-3.1.1.tgz 73ms
270 silly pacote range manifest for yallist@^3.0.2 fetched in 130ms
271 silly resolveWithNewModule yallist@3.1.1 checking installable status
272 http fetch GET 200 https://registry.npmjs.org/builtins 56ms
273 http fetch GET 200 https://registry.npmjs.org/builtins/-/builtins-1.0.3.tgz 46ms
274 silly pacote range manifest for builtins@^1.0.3 fetched in 105ms
275 silly resolveWithNewModule builtins@1.0.3 checking installable status
276 http fetch GET 200 https://registry.npmjs.org/glob 70ms
277 http fetch GET 200 https://registry.npmjs.org/minipass 70ms
278 http fetch GET 200 https://registry.npmjs.org/bluebird 72ms
279 http fetch GET 200 https://registry.npmjs.org/infer-owner 75ms
280 http fetch GET 200 https://registry.npmjs.org/minimatch 74ms
281 http fetch GET 200 https://registry.npmjs.org/get-stream 75ms
282 http fetch GET 200 https://registry.npmjs.org/cacache 77ms
283 http fetch GET 200 https://registry.npmjs.org/figgy-pudding 77ms
284 http fetch GET 200 https://registry.npmjs.org/make-fetch-happen 80ms
285 http fetch GET 200 https://registry.npmjs.org/chownr 88ms
286 http fetch GET 200 https://registry.npmjs.org/make-fetch-happen/-/make-fetch-happen-5.0.2.tgz 73ms
287 http fetch GET 200 https://registry.npmjs.org/cacache/-/cacache-12.0.4.tgz 80ms
288 http fetch GET 200 https://registry.npmjs.org/minimatch/-/minimatch-3.0.4.tgz 81ms
289 http fetch GET 200 https://registry.npmjs.org/bluebird/-/bluebird-3.7.2.tgz 84ms
290 http fetch GET 200 https://registry.npmjs.org/get-stream/-/get-stream-4.1.0.tgz 82ms
291 http fetch GET 200 https://registry.npmjs.org/chownr/-/chownr-1.1.4.tgz 74ms
292 http fetch GET 200 https://registry.npmjs.org/infer-owner/-/infer-owner-1.0.4.tgz 84ms
293 http fetch GET 200 https://registry.npmjs.org/minipass/-/minipass-2.9.0.tgz 87ms
294 http fetch GET 200 https://registry.npmjs.org/glob/-/glob-7.1.6.tgz 88ms
295 http fetch GET 200 https://registry.npmjs.org/figgy-pudding/-/figgy-pudding-3.5.2.tgz 84ms
296 silly pacote range manifest for cacache@^12.0.2 fetched in 174ms
297 silly resolveWithNewModule cacache@12.0.4 checking installable status
298 silly pacote range manifest for make-fetch-happen@^5.0.0 fetched in 176ms
299 silly resolveWithNewModule make-fetch-happen@5.0.2 checking installable status
300 silly pacote range manifest for bluebird@^3.5.3 fetched in 177ms
301 silly resolveWithNewModule bluebird@3.7.2 checking installable status
302 silly pacote range manifest for get-stream@^4.1.0 fetched in 176ms
303 silly resolveWithNewModule get-stream@4.1.0 checking installable status
304 silly pacote range manifest for minimatch@^3.0.4 fetched in 177ms
305 silly resolveWithNewModule minimatch@3.0.4 checking installable status
306 silly pacote range manifest for infer-owner@^1.0.4 fetched in 179ms
307 silly resolveWithNewModule infer-owner@1.0.4 checking installable status
308 silly pacote range manifest for chownr@^1.1.2 fetched in 182ms
309 silly resolveWithNewModule chownr@1.1.4 checking installable status
310 silly pacote range manifest for minipass@^2.3.5 fetched in 180ms
311 silly resolveWithNewModule minipass@2.9.0 checking installable status
312 silly pacote range manifest for glob@^7.1.3 fetched in 181ms
313 silly resolveWithNewModule glob@7.1.6 checking installable status
314 silly pacote range manifest for figgy-pudding@^3.5.1 fetched in 184ms
315 silly resolveWithNewModule figgy-pudding@3.5.2 checking installable status
316 http fetch GET 200 https://registry.npmjs.org/npm-pick-manifest/-/npm-pick-manifest-3.0.2.tgz 56ms
317 http fetch GET 200 https://registry.npmjs.org/npm-normalize-package-bin 65ms
318 http fetch GET 200 https://registry.npmjs.org/mkdirp 65ms
319 http fetch GET 200 https://registry.npmjs.org/promise-inflight 58ms
320 http fetch GET 200 https://registry.npmjs.org/normalize-package-data 66ms
321 http fetch GET 200 https://registry.npmjs.org/osenv 61ms
322 http fetch GET 200 https://registry.npmjs.org/npm-package-arg/-/npm-package-arg-6.1.1.tgz 60ms
323 http fetch GET 200 https://registry.npmjs.org/mississippi 74ms
324 http fetch GET 200 https://registry.npmjs.org/npm-registry-fetch 69ms
325 http fetch GET 200 https://registry.npmjs.org/npm-packlist 76ms
326 silly pacote range manifest for npm-pick-manifest@^3.0.0 fetched in 79ms
327 silly resolveWithNewModule npm-pick-manifest@3.0.2 checking installable status
328 silly pacote range manifest for npm-package-arg@^6.1.0 fetched in 83ms
329 silly resolveWithNewModule npm-package-arg@6.1.1 checking installable status
330 http fetch GET 200 https://registry.npmjs.org/osenv/-/osenv-0.1.5.tgz 49ms
331 http fetch GET 200 https://registry.npmjs.org/npm-packlist/-/npm-packlist-1.4.8.tgz 45ms
332 http fetch GET 200 https://registry.npmjs.org/mkdirp/-/mkdirp-0.5.5.tgz 53ms
333 http fetch GET 200 https://registry.npmjs.org/npm-registry-fetch/-/npm-registry-fetch-4.0.4.tgz 50ms
334 http fetch GET 200 https://registry.npmjs.org/promise-inflight/-/promise-inflight-1.0.1.tgz 55ms
335 silly pacote range manifest for osenv@^0.1.5 fetched in 143ms
336 silly resolveWithNewModule osenv@0.1.5 checking installable status
337 silly pacote range manifest for npm-packlist@^1.1.12 fetched in 150ms
338 silly resolveWithNewModule npm-packlist@1.4.8 checking installable status
339 silly pacote range manifest for mkdirp@^0.5.1 fetched in 157ms
340 silly resolveWithNewModule mkdirp@0.5.5 checking installable status
341 silly pacote range manifest for npm-registry-fetch@^4.0.0 fetched in 152ms
342 silly resolveWithNewModule npm-registry-fetch@4.0.4 checking installable status
343 http fetch GET 200 https://registry.npmjs.org/promise-retry 74ms
344 http fetch GET 200 https://registry.npmjs.org/normalize-package-data/-/normalize-package-data-2.5.0.tgz 89ms
345 silly pacote range manifest for promise-inflight@^1.0.1 fetched in 155ms
346 silly resolveWithNewModule promise-inflight@1.0.1 checking installable status
347 http fetch GET 200 https://registry.npmjs.org/npm-normalize-package-bin/-/npm-normalize-package-bin-1.0.1.tgz 92ms
348 http fetch GET 200 https://registry.npmjs.org/protoduck 79ms
349 http fetch GET 200 https://registry.npmjs.org/mississippi/-/mississippi-3.0.0.tgz 91ms
350 silly pacote range manifest for normalize-package-data@^2.4.0 fetched in 168ms
351 silly resolveWithNewModule normalize-package-data@2.5.0 checking installable status
352 silly pacote range manifest for npm-normalize-package-bin@^1.0.0 fetched in 170ms
353 silly resolveWithNewModule npm-normalize-package-bin@1.0.1 checking installable status
354 silly pacote range manifest for mississippi@^3.0.0 fetched in 174ms
355 silly resolveWithNewModule mississippi@3.0.0 checking installable status
356 http fetch GET 200 https://registry.npmjs.org/rimraf/-/rimraf-2.7.1.tgz 39ms
357 silly pacote range manifest for rimraf@^2.6.2 fetched in 41ms
358 silly resolveWithNewModule rimraf@2.7.1 checking installable status
359 http fetch GET 200 https://registry.npmjs.org/ssri 47ms
360 http fetch GET 200 https://registry.npmjs.org/safe-buffer 52ms
361 http fetch GET 200 https://registry.npmjs.org/semver/-/semver-5.7.1.tgz 62ms
362 http fetch GET 200 https://registry.npmjs.org/tar 58ms
363 http fetch GET 200 https://registry.npmjs.org/promise-retry/-/promise-retry-1.1.1.tgz 62ms
364 http fetch GET 200 https://registry.npmjs.org/protoduck/-/protoduck-5.0.1.tgz 59ms
365 http fetch GET 200 https://registry.npmjs.org/unique-filename 57ms
366 http fetch GET 200 https://registry.npmjs.org/which 56ms
367 silly pacote range manifest for semver@^5.6.0 fetched in 73ms
368 silly resolveWithNewModule semver@5.7.1 checking installable status
369 silly pacote range manifest for promise-retry@^1.1.1 fetched in 144ms
370 silly resolveWithNewModule promise-retry@1.1.1 checking installable status
371 silly pacote range manifest for protoduck@^5.0.1 fetched in 145ms
372 silly resolveWithNewModule protoduck@5.0.1 checking installable status
373 http fetch GET 200 https://registry.npmjs.org/ssri/-/ssri-6.0.1.tgz 49ms
374 http fetch GET 200 https://registry.npmjs.org/safe-buffer/-/safe-buffer-5.2.0.tgz 49ms
375 silly pacote range manifest for ssri@^6.0.1 fetched in 113ms
376 silly resolveWithNewModule ssri@6.0.1 checking installable status
377 silly pacote range manifest for safe-buffer@^5.1.2 fetched in 119ms
378 silly resolveWithNewModule safe-buffer@5.2.0 checking installable status
379 http fetch GET 200 https://registry.npmjs.org/tar/-/tar-4.4.13.tgz 50ms
380 http fetch GET 200 https://registry.npmjs.org/unique-filename/-/unique-filename-1.1.1.tgz 77ms
381 silly pacote range manifest for tar@^4.4.10 fetched in 151ms
382 silly resolveWithNewModule tar@4.4.13 checking installable status
383 http fetch GET 200 https://registry.npmjs.org/which/-/which-1.3.1.tgz 87ms
384 silly pacote range manifest for unique-filename@^1.1.1 fetched in 147ms
385 silly resolveWithNewModule unique-filename@1.1.1 checking installable status
386 silly pacote range manifest for which@^1.3.1 fetched in 145ms
387 silly resolveWithNewModule which@1.3.1 checking installable status
388 silly pacote range manifest for rimraf@^2.6.3 fetched in 3ms
389 silly resolveWithNewModule rimraf@2.7.1 checking installable status
390 http fetch GET 200 https://registry.npmjs.org/graceful-fs 49ms
391 http fetch GET 200 https://registry.npmjs.org/y18n 53ms
392 http fetch GET 200 https://registry.npmjs.org/y18n/-/y18n-4.0.0.tgz 52ms
393 http fetch GET 200 https://registry.npmjs.org/graceful-fs/-/graceful-fs-4.2.4.tgz 62ms
394 silly pacote range manifest for y18n@^4.0.0 fetched in 113ms
395 silly resolveWithNewModule y18n@4.0.0 checking installable status
396 http fetch GET 200 https://registry.npmjs.org/move-concurrently 115ms
397 silly pacote range manifest for graceful-fs@^4.1.15 fetched in 117ms
398 silly resolveWithNewModule graceful-fs@4.2.4 checking installable status
399 http fetch GET 200 https://registry.npmjs.org/move-concurrently/-/move-concurrently-1.0.1.tgz 60ms
400 silly pacote range manifest for move-concurrently@^1.0.1 fetched in 178ms
401 silly resolveWithNewModule move-concurrently@1.0.1 checking installable status
402 http fetch GET 200 https://registry.npmjs.org/inherits 53ms
403 http fetch GET 200 https://registry.npmjs.org/fs.realpath 56ms
404 http fetch GET 200 https://registry.npmjs.org/path-is-absolute 55ms
405 http fetch GET 200 https://registry.npmjs.org/once 58ms
406 http fetch GET 200 https://registry.npmjs.org/inflight 63ms
407 http fetch GET 200 https://registry.npmjs.org/inherits/-/inherits-2.0.4.tgz 61ms
408 http fetch GET 200 https://registry.npmjs.org/path-is-absolute/-/path-is-absolute-1.0.1.tgz 57ms
409 http fetch GET 200 https://registry.npmjs.org/fs.realpath/-/fs.realpath-1.0.0.tgz 59ms
410 http fetch GET 200 https://registry.npmjs.org/inflight/-/inflight-1.0.6.tgz 52ms
411 silly pacote range manifest for inherits@2 fetched in 118ms
412 silly resolveWithNewModule inherits@2.0.4 checking installable status
413 silly pacote range manifest for path-is-absolute@^1.0.0 fetched in 118ms
414 silly resolveWithNewModule path-is-absolute@1.0.1 checking installable status
415 silly pacote range manifest for fs.realpath@^1.0.0 fetched in 119ms
416 silly resolveWithNewModule fs.realpath@1.0.0 checking installable status
417 silly pacote range manifest for inflight@^1.0.4 fetched in 119ms
418 silly resolveWithNewModule inflight@1.0.6 checking installable status
419 http fetch GET 200 https://registry.npmjs.org/once/-/once-1.4.0.tgz 64ms
420 silly pacote range manifest for once@^1.3.0 fetched in 127ms
421 silly resolveWithNewModule once@1.4.0 checking installable status
422 http fetch GET 200 https://registry.npmjs.org/wrappy 47ms
423 http fetch GET 200 https://registry.npmjs.org/wrappy/-/wrappy-1.0.2.tgz 43ms
424 silly pacote range manifest for wrappy@1 fetched in 94ms
425 silly resolveWithNewModule wrappy@1.0.2 checking installable status
426 http fetch GET 200 https://registry.npmjs.org/brace-expansion 51ms
427 http fetch GET 200 https://registry.npmjs.org/brace-expansion/-/brace-expansion-1.1.11.tgz 51ms
428 silly pacote range manifest for brace-expansion@^1.1.7 fetched in 105ms
429 silly resolveWithNewModule brace-expansion@1.1.11 checking installable status
430 http fetch GET 200 https://registry.npmjs.org/concat-map 44ms
431 http fetch GET 200 https://registry.npmjs.org/balanced-match 47ms
432 http fetch GET 200 https://registry.npmjs.org/balanced-match/-/balanced-match-1.0.0.tgz 46ms
433 http fetch GET 200 https://registry.npmjs.org/concat-map/-/concat-map-0.0.1.tgz 51ms
434 silly pacote range manifest for balanced-match@^1.0.0 fetched in 97ms
435 silly resolveWithNewModule balanced-match@1.0.0 checking installable status
436 silly pacote version manifest for concat-map@0.0.1 fetched in 98ms
437 silly resolveWithNewModule concat-map@0.0.1 checking installable status
438 http fetch GET 200 https://registry.npmjs.org/from2 59ms
439 http fetch GET 200 https://registry.npmjs.org/pump 58ms
440 http fetch GET 200 https://registry.npmjs.org/end-of-stream 60ms
441 http fetch GET 200 https://registry.npmjs.org/stream-each 58ms
442 http fetch GET 200 https://registry.npmjs.org/duplexify 62ms
443 http fetch GET 200 https://registry.npmjs.org/through2 59ms
444 http fetch GET 200 https://registry.npmjs.org/flush-write-stream 63ms
445 http fetch GET 200 https://registry.npmjs.org/parallel-transform 62ms
446 http fetch GET 200 https://registry.npmjs.org/concat-stream 64ms
447 http fetch GET 200 https://registry.npmjs.org/pumpify 62ms
448 http fetch GET 200 https://registry.npmjs.org/through2/-/through2-2.0.5.tgz 71ms
449 http fetch GET 200 https://registry.npmjs.org/end-of-stream/-/end-of-stream-1.4.4.tgz 82ms
450 http fetch GET 200 https://registry.npmjs.org/concat-stream/-/concat-stream-1.6.2.tgz 75ms
451 http fetch GET 200 https://registry.npmjs.org/duplexify/-/duplexify-3.7.1.tgz 77ms
452 http fetch GET 200 https://registry.npmjs.org/flush-write-stream/-/flush-write-stream-1.1.1.tgz 80ms
453 http fetch GET 200 https://registry.npmjs.org/pump/-/pump-3.0.0.tgz 87ms
454 http fetch GET 200 https://registry.npmjs.org/pumpify/-/pumpify-1.5.1.tgz 80ms
455 http fetch GET 200 https://registry.npmjs.org/stream-each/-/stream-each-1.2.3.tgz 82ms
456 http fetch GET 200 https://registry.npmjs.org/parallel-transform/-/parallel-transform-1.2.0.tgz 82ms
457 http fetch GET 200 https://registry.npmjs.org/from2/-/from2-2.3.0.tgz 89ms
458 silly pacote range manifest for through2@^2.0.0 fetched in 149ms
459 silly resolveWithNewModule through2@2.0.5 checking installable status
460 silly pacote range manifest for end-of-stream@^1.1.0 fetched in 154ms
461 silly resolveWithNewModule end-of-stream@1.4.4 checking installable status
462 silly pacote range manifest for concat-stream@^1.5.0 fetched in 155ms
463 silly resolveWithNewModule concat-stream@1.6.2 checking installable status
464 silly pacote range manifest for duplexify@^3.4.2 fetched in 154ms
465 silly resolveWithNewModule duplexify@3.7.1 checking installable status
466 silly pacote range manifest for flush-write-stream@^1.0.0 fetched in 155ms
467 silly resolveWithNewModule flush-write-stream@1.1.1 checking installable status
468 silly pacote range manifest for stream-each@^1.1.0 fetched in 151ms
469 silly resolveWithNewModule stream-each@1.2.3 checking installable status
470 silly pacote range manifest for parallel-transform@^1.1.0 fetched in 155ms
471 silly resolveWithNewModule parallel-transform@1.2.0 checking installable status
472 silly pacote range manifest for pump@^3.0.0 fetched in 155ms
473 silly resolveWithNewModule pump@3.0.0 checking installable status
474 silly pacote range manifest for pumpify@^1.3.3 fetched in 155ms
475 silly resolveWithNewModule pumpify@1.5.1 checking installable status
476 silly pacote range manifest for from2@^2.1.0 fetched in 157ms
477 silly resolveWithNewModule from2@2.3.0 checking installable status
478 http fetch GET 200 https://registry.npmjs.org/typedarray 52ms
479 http fetch GET 200 https://registry.npmjs.org/readable-stream 55ms
480 http fetch GET 200 https://registry.npmjs.org/buffer-from 85ms
481 http fetch GET 200 https://registry.npmjs.org/readable-stream/-/readable-stream-2.3.7.tgz 43ms
482 http fetch GET 200 https://registry.npmjs.org/typedarray/-/typedarray-0.0.6.tgz 47ms
483 silly pacote range manifest for readable-stream@^2.2.2 fetched in 102ms
484 silly resolveWithNewModule readable-stream@2.3.7 checking installable status
485 silly pacote range manifest for typedarray@^0.0.6 fetched in 103ms
486 silly resolveWithNewModule typedarray@0.0.6 checking installable status
487 http fetch GET 200 https://registry.npmjs.org/buffer-from/-/buffer-from-1.1.1.tgz 43ms
488 silly pacote range manifest for buffer-from@^1.0.0 fetched in 132ms
489 silly resolveWithNewModule buffer-from@1.1.1 checking installable status
490 http fetch GET 200 https://registry.npmjs.org/util-deprecate 54ms
491 http fetch GET 200 https://registry.npmjs.org/safe-buffer/-/safe-buffer-5.1.2.tgz 53ms
492 http fetch GET 200 https://registry.npmjs.org/core-util-is 56ms
493 http fetch GET 200 https://registry.npmjs.org/process-nextick-args 58ms
494 http fetch GET 200 https://registry.npmjs.org/isarray 61ms
495 http fetch GET 200 https://registry.npmjs.org/string_decoder 60ms
496 silly pacote range manifest for safe-buffer@~5.1.1 fetched in 64ms
497 silly resolveWithNewModule safe-buffer@5.1.2 checking installable status
498 http fetch GET 200 https://registry.npmjs.org/core-util-is/-/core-util-is-1.0.2.tgz 64ms
499 http fetch GET 200 https://registry.npmjs.org/process-nextick-args/-/process-nextick-args-2.0.1.tgz 65ms
500 http fetch GET 200 https://registry.npmjs.org/string_decoder/-/string_decoder-1.1.1.tgz 61ms
501 http fetch GET 200 https://registry.npmjs.org/isarray/-/isarray-1.0.0.tgz 63ms
502 http fetch GET 200 https://registry.npmjs.org/util-deprecate/-/util-deprecate-1.0.2.tgz 67ms
503 silly pacote range manifest for core-util-is@~1.0.0 fetched in 129ms
504 silly resolveWithNewModule core-util-is@1.0.2 checking installable status
505 silly pacote range manifest for isarray@~1.0.0 fetched in 130ms
506 silly resolveWithNewModule isarray@1.0.0 checking installable status
507 silly pacote range manifest for process-nextick-args@~2.0.0 fetched in 129ms
508 silly resolveWithNewModule process-nextick-args@2.0.1 checking installable status
509 silly pacote range manifest for string_decoder@~1.1.1 fetched in 129ms
510 silly resolveWithNewModule string_decoder@1.1.1 checking installable status
511 silly pacote range manifest for util-deprecate@~1.0.1 fetched in 130ms
512 silly resolveWithNewModule util-deprecate@1.0.2 checking installable status
513 silly pacote range manifest for safe-buffer@~5.1.0 fetched in 1ms
514 silly resolveWithNewModule safe-buffer@5.1.2 checking installable status
515 http fetch GET 200 https://registry.npmjs.org/stream-shift 40ms
516 http fetch GET 200 https://registry.npmjs.org/stream-shift/-/stream-shift-1.0.1.tgz 57ms
517 silly pacote range manifest for stream-shift@^1.0.0 fetched in 100ms
518 silly resolveWithNewModule stream-shift@1.0.1 checking installable status
519 http fetch GET 200 https://registry.npmjs.org/cyclist 51ms
520 http fetch GET 200 https://registry.npmjs.org/cyclist/-/cyclist-1.0.1.tgz 52ms
521 silly pacote range manifest for cyclist@^1.0.1 fetched in 106ms
522 silly resolveWithNewModule cyclist@1.0.1 checking installable status
523 http fetch GET 200 https://registry.npmjs.org/pump/-/pump-2.0.1.tgz 51ms
524 silly pacote range manifest for pump@^2.0.0 fetched in 64ms
525 silly resolveWithNewModule pump@2.0.1 checking installable status
526 http fetch GET 200 https://registry.npmjs.org/xtend 41ms
527 http fetch GET 200 https://registry.npmjs.org/xtend/-/xtend-4.0.2.tgz 44ms
528 silly pacote range manifest for xtend@~4.0.1 fetched in 88ms
529 silly resolveWithNewModule xtend@4.0.2 checking installable status
530 http fetch GET 200 https://registry.npmjs.org/minimist 49ms
531 http fetch GET 200 https://registry.npmjs.org/minimist/-/minimist-1.2.5.tgz 63ms
532 silly pacote range manifest for minimist@^1.2.5 fetched in 114ms
533 silly resolveWithNewModule minimist@1.2.5 checking installable status
534 silly pacote range manifest for rimraf@^2.5.4 fetched in 3ms
535 silly resolveWithNewModule rimraf@2.7.1 checking installable status
536 http fetch GET 200 https://registry.npmjs.org/fs-write-stream-atomic 54ms
537 http fetch GET 200 https://registry.npmjs.org/run-queue 53ms
538 http fetch GET 200 https://registry.npmjs.org/aproba 59ms
539 http fetch GET 200 https://registry.npmjs.org/copy-concurrently 61ms
540 http fetch GET 200 https://registry.npmjs.org/fs-write-stream-atomic/-/fs-write-stream-atomic-1.0.10.tgz 42ms
541 silly pacote range manifest for fs-write-stream-atomic@^1.0.8 fetched in 100ms
542 silly resolveWithNewModule fs-write-stream-atomic@1.0.10 checking installable status
543 http fetch GET 200 https://registry.npmjs.org/aproba/-/aproba-1.2.0.tgz 43ms
544 silly pacote range manifest for aproba@^1.1.1 fetched in 105ms
545 silly resolveWithNewModule aproba@1.2.0 checking installable status
546 http fetch GET 200 https://registry.npmjs.org/copy-concurrently/-/copy-concurrently-1.0.5.tgz 46ms
547 silly pacote range manifest for copy-concurrently@^1.0.0 fetched in 110ms
548 silly resolveWithNewModule copy-concurrently@1.0.5 checking installable status
549 http fetch GET 200 https://registry.npmjs.org/run-queue/-/run-queue-1.0.3.tgz 57ms
550 silly pacote range manifest for run-queue@^1.0.3 fetched in 119ms
551 silly resolveWithNewModule run-queue@1.0.3 checking installable status
552 silly pacote range manifest for rimraf@^2.5.4 fetched in 3ms
553 silly resolveWithNewModule rimraf@2.7.1 checking installable status
554 http fetch GET 200 https://registry.npmjs.org/iferr 69ms
555 http fetch GET 200 https://registry.npmjs.org/iferr/-/iferr-0.1.5.tgz 51ms
556 silly pacote range manifest for iferr@^0.1.5 fetched in 130ms
557 silly resolveWithNewModule iferr@0.1.5 checking installable status
558 http fetch GET 200 https://registry.npmjs.org/imurmurhash 53ms
559 http fetch GET 200 https://registry.npmjs.org/imurmurhash/-/imurmurhash-0.1.4.tgz 43ms
560 silly pacote range manifest for imurmurhash@^0.1.4 fetched in 99ms
561 silly resolveWithNewModule imurmurhash@0.1.4 checking installable status
562 http fetch GET 200 https://registry.npmjs.org/unique-slug 52ms
563 http fetch GET 200 https://registry.npmjs.org/unique-slug/-/unique-slug-2.0.2.tgz 53ms
564 silly pacote range manifest for unique-slug@^2.0.0 fetched in 110ms
565 silly resolveWithNewModule unique-slug@2.0.2 checking installable status
566 http fetch GET 200 https://registry.npmjs.org/http-proxy-agent 44ms
567 http fetch GET 200 https://registry.npmjs.org/socks-proxy-agent 63ms
568 http fetch GET 200 https://registry.npmjs.org/https-proxy-agent 64ms
569 http fetch GET 200 https://registry.npmjs.org/http-cache-semantics 65ms
570 http fetch GET 200 https://registry.npmjs.org/node-fetch-npm 66ms
571 http fetch GET 200 https://registry.npmjs.org/agentkeepalive 69ms
572 http fetch GET 200 https://registry.npmjs.org/socks-proxy-agent/-/socks-proxy-agent-4.0.2.tgz 61ms
573 http fetch GET 200 https://registry.npmjs.org/agentkeepalive/-/agentkeepalive-3.5.2.tgz 58ms
574 http fetch GET 200 https://registry.npmjs.org/https-proxy-agent/-/https-proxy-agent-2.2.4.tgz 62ms
575 http fetch GET 200 https://registry.npmjs.org/http-cache-semantics/-/http-cache-semantics-3.8.1.tgz 61ms
576 http fetch GET 200 https://registry.npmjs.org/node-fetch-npm/-/node-fetch-npm-2.0.4.tgz 60ms
577 http fetch GET 200 https://registry.npmjs.org/http-proxy-agent/-/http-proxy-agent-2.1.0.tgz 79ms
578 silly pacote range manifest for socks-proxy-agent@^4.0.0 fetched in 131ms
579 silly resolveWithNewModule socks-proxy-agent@4.0.2 checking installable status
580 silly pacote range manifest for agentkeepalive@^3.4.1 fetched in 133ms
581 silly resolveWithNewModule agentkeepalive@3.5.2 checking installable status
582 silly pacote range manifest for https-proxy-agent@^2.2.3 fetched in 133ms
583 silly resolveWithNewModule https-proxy-agent@2.2.4 checking installable status
584 silly pacote range manifest for http-cache-semantics@^3.8.1 fetched in 133ms
585 silly resolveWithNewModule http-cache-semantics@3.8.1 checking installable status
586 silly pacote range manifest for node-fetch-npm@^2.0.2 fetched in 134ms
587 silly resolveWithNewModule node-fetch-npm@2.0.4 checking installable status
588 silly pacote range manifest for http-proxy-agent@^2.1.0 fetched in 135ms
589 silly resolveWithNewModule http-proxy-agent@2.1.0 checking installable status
590 http fetch GET 200 https://registry.npmjs.org/humanize-ms 50ms
591 http fetch GET 200 https://registry.npmjs.org/humanize-ms/-/humanize-ms-1.2.1.tgz 66ms
592 silly pacote range manifest for humanize-ms@^1.2.1 fetched in 120ms
593 silly resolveWithNewModule humanize-ms@1.2.1 checking installable status
594 http fetch GET 200 https://registry.npmjs.org/ms 49ms
595 http fetch GET 200 https://registry.npmjs.org/ms/-/ms-2.1.2.tgz 47ms
596 silly pacote range manifest for ms@^2.0.0 fetched in 99ms
597 silly resolveWithNewModule ms@2.1.2 checking installable status
598 http fetch GET 200 https://registry.npmjs.org/debug/-/debug-3.1.0.tgz 52ms
599 http fetch GET 200 https://registry.npmjs.org/agent-base 54ms
600 silly pacote version manifest for debug@3.1.0 fetched in 57ms
601 silly resolveWithNewModule debug@3.1.0 checking installable status
602 http fetch GET 200 https://registry.npmjs.org/agent-base/-/agent-base-4.3.0.tgz 53ms
603 silly pacote range manifest for agent-base@4 fetched in 110ms
604 silly resolveWithNewModule agent-base@4.3.0 checking installable status
605 http fetch GET 200 https://registry.npmjs.org/es6-promisify 63ms
606 http fetch GET 200 https://registry.npmjs.org/es6-promisify/-/es6-promisify-5.0.0.tgz 44ms
607 silly pacote range manifest for es6-promisify@^5.0.0 fetched in 111ms
608 silly resolveWithNewModule es6-promisify@5.0.0 checking installable status
609 http fetch GET 200 https://registry.npmjs.org/es6-promise 64ms
610 http fetch GET 200 https://registry.npmjs.org/es6-promise/-/es6-promise-4.2.8.tgz 79ms
611 silly pacote range manifest for es6-promise@^4.0.3 fetched in 145ms
612 silly resolveWithNewModule es6-promise@4.2.8 checking installable status
613 http fetch GET 200 https://registry.npmjs.org/ms/-/ms-2.0.0.tgz 54ms
614 silly pacote version manifest for ms@2.0.0 fetched in 56ms
615 silly resolveWithNewModule ms@2.0.0 checking installable status
616 http fetch GET 200 https://registry.npmjs.org/debug/-/debug-3.2.6.tgz 53ms
617 silly pacote range manifest for debug@^3.1.0 fetched in 55ms
618 silly resolveWithNewModule debug@3.2.6 checking installable status
619 http fetch GET 200 https://registry.npmjs.org/encoding 46ms
620 http fetch GET 200 https://registry.npmjs.org/json-parse-better-errors 46ms
621 http fetch GET 200 https://registry.npmjs.org/json-parse-better-errors/-/json-parse-better-errors-1.0.2.tgz 48ms
622 silly pacote range manifest for json-parse-better-errors@^1.0.0 fetched in 97ms
623 silly resolveWithNewModule json-parse-better-errors@1.0.2 checking installable status
624 http fetch GET 200 https://registry.npmjs.org/encoding/-/encoding-0.1.12.tgz 56ms
625 silly pacote range manifest for encoding@^0.1.11 fetched in 104ms
626 silly resolveWithNewModule encoding@0.1.12 checking installable status
627 http fetch GET 200 https://registry.npmjs.org/iconv-lite 52ms
628 http fetch GET 200 https://registry.npmjs.org/iconv-lite/-/iconv-lite-0.4.24.tgz 49ms
629 silly pacote range manifest for iconv-lite@~0.4.13 fetched in 104ms
630 silly resolveWithNewModule iconv-lite@0.4.24 checking installable status
631 http fetch GET 200 https://registry.npmjs.org/safer-buffer 49ms
632 http fetch GET 200 https://registry.npmjs.org/safer-buffer/-/safer-buffer-2.1.2.tgz 56ms
633 silly pacote range manifest for safer-buffer@>= 2.1.2 < 3 fetched in 109ms
634 silly resolveWithNewModule safer-buffer@2.1.2 checking installable status
635 http fetch GET 200 https://registry.npmjs.org/err-code 44ms
636 http fetch GET 200 https://registry.npmjs.org/retry 54ms
637 http fetch GET 200 https://registry.npmjs.org/err-code/-/err-code-1.1.2.tgz 56ms
638 silly pacote range manifest for err-code@^1.0.0 fetched in 103ms
639 silly resolveWithNewModule err-code@1.1.2 checking installable status
640 http fetch GET 200 https://registry.npmjs.org/retry/-/retry-0.10.1.tgz 52ms
641 silly pacote range manifest for retry@^0.10.0 fetched in 115ms
642 silly resolveWithNewModule retry@0.10.1 checking installable status
643 http fetch GET 200 https://registry.npmjs.org/socks 48ms
644 http fetch GET 200 https://registry.npmjs.org/agent-base/-/agent-base-4.2.1.tgz 50ms
645 silly pacote range manifest for agent-base@~4.2.1 fetched in 52ms
646 silly resolveWithNewModule agent-base@4.2.1 checking installable status
647 http fetch GET 200 https://registry.npmjs.org/socks/-/socks-2.3.3.tgz 101ms
648 silly pacote range manifest for socks@~2.3.2 fetched in 151ms
649 silly resolveWithNewModule socks@2.3.3 checking installable status
650 http fetch GET 200 https://registry.npmjs.org/smart-buffer 46ms
651 http fetch GET 200 https://registry.npmjs.org/ip 102ms
652 http fetch GET 200 https://registry.npmjs.org/smart-buffer/-/smart-buffer-4.1.0.tgz 84ms
653 silly pacote range manifest for smart-buffer@^4.1.0 fetched in 136ms
654 silly resolveWithNewModule smart-buffer@4.1.0 checking installable status
655 http fetch GET 200 https://registry.npmjs.org/ip/-/ip-1.1.5.tgz 53ms
656 silly pacote version manifest for ip@1.1.5 fetched in 157ms
657 silly resolveWithNewModule ip@1.1.5 checking installable status
658 silly pacote range manifest for semver@2 || 3 || 4 || 5 fetched in 5ms
659 silly resolveWithNewModule semver@5.7.1 checking installable status
660 http fetch GET 200 https://registry.npmjs.org/hosted-git-info/-/hosted-git-info-2.8.8.tgz 64ms
661 http fetch GET 200 https://registry.npmjs.org/validate-npm-package-license 68ms
662 http fetch GET 200 https://registry.npmjs.org/resolve 73ms
663 silly pacote range manifest for hosted-git-info@^2.1.4 fetched in 76ms
664 silly resolveWithNewModule hosted-git-info@2.8.8 checking installable status
665 http fetch GET 200 https://registry.npmjs.org/validate-npm-package-license/-/validate-npm-package-license-3.0.4.tgz 42ms
666 silly pacote range manifest for validate-npm-package-license@^3.0.1 fetched in 116ms
667 silly resolveWithNewModule validate-npm-package-license@3.0.4 checking installable status
668 http fetch GET 200 https://registry.npmjs.org/resolve/-/resolve-1.17.0.tgz 52ms
669 silly pacote range manifest for resolve@^1.10.0 fetched in 128ms
670 silly resolveWithNewModule resolve@1.17.0 checking installable status
671 http fetch GET 200 https://registry.npmjs.org/path-parse 61ms
672 http fetch GET 200 https://registry.npmjs.org/path-parse/-/path-parse-1.0.6.tgz 53ms
673 silly pacote range manifest for path-parse@^1.0.6 fetched in 118ms
674 silly resolveWithNewModule path-parse@1.0.6 checking installable status
675 http fetch GET 200 https://registry.npmjs.org/spdx-expression-parse 45ms
676 http fetch GET 200 https://registry.npmjs.org/spdx-correct 54ms
677 http fetch GET 200 https://registry.npmjs.org/spdx-expression-parse/-/spdx-expression-parse-3.0.0.tgz 46ms
678 silly pacote range manifest for spdx-expression-parse@^3.0.0 fetched in 94ms
679 silly resolveWithNewModule spdx-expression-parse@3.0.0 checking installable status
680 http fetch GET 200 https://registry.npmjs.org/spdx-correct/-/spdx-correct-3.1.0.tgz 43ms
681 silly pacote range manifest for spdx-correct@^3.0.0 fetched in 99ms
682 silly resolveWithNewModule spdx-correct@3.1.0 checking installable status
683 http fetch GET 200 https://registry.npmjs.org/spdx-license-ids 54ms
684 http fetch GET 200 https://registry.npmjs.org/spdx-license-ids/-/spdx-license-ids-3.0.5.tgz 52ms
685 silly pacote range manifest for spdx-license-ids@^3.0.0 fetched in 110ms
686 silly resolveWithNewModule spdx-license-ids@3.0.5 checking installable status
687 http fetch GET 200 https://registry.npmjs.org/spdx-exceptions 48ms
688 http fetch GET 200 https://registry.npmjs.org/spdx-exceptions/-/spdx-exceptions-2.3.0.tgz 61ms
689 silly pacote range manifest for spdx-exceptions@^2.1.0 fetched in 112ms
690 silly resolveWithNewModule spdx-exceptions@2.3.0 checking installable status
691 silly pacote range manifest for hosted-git-info@^2.7.1 fetched in 1ms
692 silly resolveWithNewModule hosted-git-info@2.8.8 checking installable status
693 http fetch GET 200 https://registry.npmjs.org/os-homedir 51ms
694 http fetch GET 200 https://registry.npmjs.org/os-tmpdir 54ms
695 http fetch GET 200 https://registry.npmjs.org/os-tmpdir/-/os-tmpdir-1.0.2.tgz 51ms
696 http fetch GET 200 https://registry.npmjs.org/os-homedir/-/os-homedir-1.0.2.tgz 53ms
697 silly pacote range manifest for os-tmpdir@^1.0.0 fetched in 108ms
698 silly resolveWithNewModule os-tmpdir@1.0.2 checking installable status
699 silly pacote range manifest for os-homedir@^1.0.0 fetched in 108ms
700 silly resolveWithNewModule os-homedir@1.0.2 checking installable status
701 http fetch GET 200 https://registry.npmjs.org/npm-bundled 52ms
702 http fetch GET 200 https://registry.npmjs.org/ignore-walk 57ms
703 http fetch GET 200 https://registry.npmjs.org/ignore-walk/-/ignore-walk-3.0.3.tgz 47ms
704 silly pacote range manifest for ignore-walk@^3.0.1 fetched in 112ms
705 silly resolveWithNewModule ignore-walk@3.0.3 checking installable status
706 http fetch GET 200 https://registry.npmjs.org/npm-bundled/-/npm-bundled-1.1.1.tgz 63ms
707 silly pacote range manifest for npm-bundled@^1.0.1 fetched in 118ms
708 silly resolveWithNewModule npm-bundled@1.1.1 checking installable status
709 silly pacote range manifest for npm-package-arg@^6.1.0 fetched in 1ms
710 silly resolveWithNewModule npm-package-arg@6.1.1 checking installable status
711 http fetch GET 200 https://registry.npmjs.org/JSONStream 44ms
712 http fetch GET 200 https://registry.npmjs.org/JSONStream/-/JSONStream-1.3.5.tgz 66ms
713 silly pacote range manifest for JSONStream@^1.3.4 fetched in 113ms
714 silly resolveWithNewModule JSONStream@1.3.5 checking installable status
715 http fetch GET 200 https://registry.npmjs.org/jsonparse 48ms
716 http fetch GET 200 https://registry.npmjs.org/through 53ms
717 http fetch GET 200 https://registry.npmjs.org/through/-/through-2.3.8.tgz 49ms
718 http fetch GET 200 https://registry.npmjs.org/jsonparse/-/jsonparse-1.3.1.tgz 50ms
719 silly pacote range manifest for through@>=2.2.7 <3 fetched in 106ms
720 silly resolveWithNewModule through@2.3.8 checking installable status
721 silly pacote range manifest for jsonparse@^1.2.0 fetched in 108ms
722 silly resolveWithNewModule jsonparse@1.3.1 checking installable status
723 silly pacote range manifest for hosted-git-info@^2.7.1 fetched in 2ms
724 silly resolveWithNewModule hosted-git-info@2.8.8 checking installable status
725 silly pacote range manifest for semver@^5.6.0 fetched in 2ms
726 silly resolveWithNewModule semver@5.7.1 checking installable status
727 http fetch GET 200 https://registry.npmjs.org/genfun 48ms
728 http fetch GET 200 https://registry.npmjs.org/genfun/-/genfun-5.0.0.tgz 58ms
729 silly pacote range manifest for genfun@^5.0.0 fetched in 113ms
730 silly resolveWithNewModule genfun@5.0.0 checking installable status
731 http fetch GET 200 https://registry.npmjs.org/fs-minipass 44ms
732 http fetch GET 200 https://registry.npmjs.org/minizlib 47ms
733 http fetch GET 200 https://registry.npmjs.org/minizlib/-/minizlib-1.3.3.tgz 48ms
734 silly pacote range manifest for minizlib@^1.2.1 fetched in 103ms
735 silly resolveWithNewModule minizlib@1.3.3 checking installable status
736 http fetch GET 200 https://registry.npmjs.org/fs-minipass/-/fs-minipass-1.2.7.tgz 60ms
737 silly pacote range manifest for fs-minipass@^1.2.5 fetched in 106ms
738 silly resolveWithNewModule fs-minipass@1.2.7 checking installable status
739 http fetch GET 200 https://registry.npmjs.org/isexe 44ms
740 http fetch GET 200 https://registry.npmjs.org/isexe/-/isexe-2.0.0.tgz 44ms
741 silly pacote range manifest for isexe@^2.0.0 fetched in 91ms
742 silly resolveWithNewModule isexe@2.0.0 checking installable status
743 silly pacote range manifest for semver@^5.0.0 fetched in 2ms
744 silly resolveWithNewModule semver@5.7.1 checking installable status
745 http fetch GET 200 https://registry.npmjs.org/run-async 66ms
746 http fetch GET 200 https://registry.npmjs.org/lodash 67ms
747 http fetch GET 200 https://registry.npmjs.org/cli-width 68ms
748 http fetch GET 200 https://registry.npmjs.org/ansi-escapes 69ms
749 http fetch GET 200 https://registry.npmjs.org/string-width 67ms
750 http fetch GET 200 https://registry.npmjs.org/figures 68ms
751 http fetch GET 200 https://registry.npmjs.org/external-editor 68ms
752 http fetch GET 200 https://registry.npmjs.org/ansi-escapes/-/ansi-escapes-4.3.1.tgz 137ms
753 http fetch GET 200 https://registry.npmjs.org/run-async/-/run-async-2.4.1.tgz 141ms
754 http fetch GET 200 https://registry.npmjs.org/external-editor/-/external-editor-3.1.0.tgz 138ms
755 http fetch GET 200 https://registry.npmjs.org/cli-width/-/cli-width-2.2.1.tgz 140ms
756 http fetch GET 200 https://registry.npmjs.org/string-width/-/string-width-4.2.0.tgz 141ms
757 http fetch GET 200 https://registry.npmjs.org/lodash/-/lodash-4.17.15.tgz 144ms
758 http fetch GET 200 https://registry.npmjs.org/figures/-/figures-3.2.0.tgz 143ms
759 silly pacote range manifest for ansi-escapes@^4.2.1 fetched in 218ms
760 silly resolveWithNewModule ansi-escapes@4.3.1 checking installable status
761 silly pacote range manifest for run-async@^2.4.0 fetched in 218ms
762 silly resolveWithNewModule run-async@2.4.1 checking installable status
763 silly pacote range manifest for cli-width@^2.0.0 fetched in 218ms
764 silly resolveWithNewModule cli-width@2.2.1 checking installable status
765 silly pacote range manifest for external-editor@^3.0.3 fetched in 219ms
766 silly resolveWithNewModule external-editor@3.1.0 checking installable status
767 silly pacote range manifest for string-width@^4.1.0 fetched in 218ms
768 silly resolveWithNewModule string-width@4.2.0 checking installable status
769 silly pacote range manifest for lodash@^4.17.15 fetched in 219ms
770 silly resolveWithNewModule lodash@4.17.15 checking installable status
771 silly pacote range manifest for figures@^3.0.0 fetched in 220ms
772 silly resolveWithNewModule figures@3.2.0 checking installable status
773 http fetch GET 200 https://registry.npmjs.org/type-fest 63ms
774 http fetch GET 200 https://registry.npmjs.org/type-fest/-/type-fest-0.11.0.tgz 64ms
775 silly pacote range manifest for type-fest@^0.11.0 fetched in 131ms
776 silly resolveWithNewModule type-fest@0.11.0 checking installable status
777 http fetch GET 200 https://registry.npmjs.org/chardet 43ms
778 http fetch GET 200 https://registry.npmjs.org/tmp 65ms
779 http fetch GET 200 https://registry.npmjs.org/chardet/-/chardet-0.7.0.tgz 50ms
780 silly pacote range manifest for chardet@^0.7.0 fetched in 100ms
781 silly resolveWithNewModule chardet@0.7.0 checking installable status
782 http fetch GET 200 https://registry.npmjs.org/tmp/-/tmp-0.0.33.tgz 45ms
783 silly pacote range manifest for tmp@^0.0.33 fetched in 113ms
784 silly resolveWithNewModule tmp@0.0.33 checking installable status
785 http fetch GET 200 https://registry.npmjs.org/is-fullwidth-code-point 67ms
786 http fetch GET 200 https://registry.npmjs.org/emoji-regex 70ms
787 http fetch GET 200 https://registry.npmjs.org/emoji-regex/-/emoji-regex-8.0.0.tgz 50ms
788 http fetch GET 200 https://registry.npmjs.org/is-fullwidth-code-point/-/is-fullwidth-code-point-3.0.0.tgz 55ms
789 silly pacote range manifest for emoji-regex@^8.0.0 fetched in 126ms
790 silly resolveWithNewModule emoji-regex@8.0.0 checking installable status
791 silly pacote range manifest for is-fullwidth-code-point@^3.0.0 fetched in 126ms
792 silly resolveWithNewModule is-fullwidth-code-point@3.0.0 checking installable status
793 http fetch GET 200 https://registry.npmjs.org/npm-install-checks 46ms
794 http fetch GET 200 https://registry.npmjs.org/npm-install-checks/-/npm-install-checks-4.0.0.tgz 44ms
795 silly pacote range manifest for npm-install-checks@^4.0.0 fetched in 93ms
796 silly resolveWithNewModule npm-install-checks@4.0.0 checking installable status
797 http fetch GET 200 https://registry.npmjs.org/is-docker 64ms
798 http fetch GET 200 https://registry.npmjs.org/is-wsl 67ms
799 http fetch GET 200 https://registry.npmjs.org/is-docker/-/is-docker-2.0.0.tgz 55ms
800 http fetch GET 200 https://registry.npmjs.org/is-wsl/-/is-wsl-2.1.1.tgz 53ms
801 silly pacote range manifest for is-docker@^2.0.0 fetched in 125ms
802 silly resolveWithNewModule is-docker@2.0.0 checking installable status
803 silly pacote range manifest for is-wsl@^2.1.1 fetched in 125ms
804 silly resolveWithNewModule is-wsl@2.1.1 checking installable status
805 http fetch GET 200 https://registry.npmjs.org/read-package-json 51ms
806 http fetch GET 200 https://registry.npmjs.org/readdir-scoped-modules 51ms
807 http fetch GET 200 https://registry.npmjs.org/util-promisify 55ms
808 http fetch GET 200 https://registry.npmjs.org/read-package-json/-/read-package-json-2.1.1.tgz 51ms
809 http fetch GET 200 https://registry.npmjs.org/readdir-scoped-modules/-/readdir-scoped-modules-1.1.0.tgz 50ms
810 http fetch GET 200 https://registry.npmjs.org/util-promisify/-/util-promisify-2.1.0.tgz 50ms
811 silly pacote range manifest for read-package-json@^2.0.0 fetched in 106ms
812 silly resolveWithNewModule read-package-json@2.1.1 checking installable status
813 silly pacote range manifest for readdir-scoped-modules@^1.0.0 fetched in 107ms
814 silly resolveWithNewModule readdir-scoped-modules@1.1.0 checking installable status
815 silly pacote range manifest for util-promisify@^2.1.0 fetched in 107ms
816 silly resolveWithNewModule util-promisify@2.1.0 checking installable status
817 http fetch GET 200 https://registry.npmjs.org/dezalgo 43ms
818 http fetch GET 200 https://registry.npmjs.org/debuglog 49ms
819 http fetch GET 200 https://registry.npmjs.org/dezalgo/-/dezalgo-1.0.3.tgz 58ms
820 http fetch GET 200 https://registry.npmjs.org/debuglog/-/debuglog-1.0.1.tgz 54ms
821 silly pacote range manifest for dezalgo@^1.0.0 fetched in 105ms
822 silly resolveWithNewModule dezalgo@1.0.3 checking installable status
823 silly pacote range manifest for debuglog@^1.0.1 fetched in 107ms
824 silly resolveWithNewModule debuglog@1.0.1 checking installable status
825 http fetch GET 200 https://registry.npmjs.org/asap 43ms
826 http fetch GET 200 https://registry.npmjs.org/asap/-/asap-2.0.6.tgz 47ms
827 silly pacote range manifest for asap@^2.0.0 fetched in 93ms
828 silly resolveWithNewModule asap@2.0.6 checking installable status
829 http fetch GET 200 https://registry.npmjs.org/object.getownpropertydescriptors 65ms
830 http fetch GET 200 https://registry.npmjs.org/object.getownpropertydescriptors/-/object.getownpropertydescriptors-2.1.0.tgz 45ms
831 silly pacote range manifest for object.getownpropertydescriptors@^2.0.3 fetched in 114ms
832 silly resolveWithNewModule object.getownpropertydescriptors@2.1.0 checking installable status
833 http fetch GET 200 https://registry.npmjs.org/define-properties 42ms
834 http fetch GET 200 https://registry.npmjs.org/es-abstract 48ms
835 http fetch GET 200 https://registry.npmjs.org/define-properties/-/define-properties-1.1.3.tgz 44ms
836 silly pacote range manifest for define-properties@^1.1.3 fetched in 88ms
837 silly resolveWithNewModule define-properties@1.1.3 checking installable status
838 http fetch GET 200 https://registry.npmjs.org/es-abstract/-/es-abstract-1.17.5.tgz 120ms
839 silly pacote range manifest for es-abstract@^1.17.0-next.1 fetched in 171ms
840 silly resolveWithNewModule es-abstract@1.17.5 checking installable status
841 http fetch GET 200 https://registry.npmjs.org/object-keys 45ms
842 http fetch GET 200 https://registry.npmjs.org/object-keys/-/object-keys-1.1.1.tgz 48ms
843 silly pacote range manifest for object-keys@^1.0.12 fetched in 98ms
844 silly resolveWithNewModule object-keys@1.1.1 checking installable status
845 http fetch GET 200 https://registry.npmjs.org/object-inspect 60ms
846 http fetch GET 200 https://registry.npmjs.org/object.assign 60ms
847 http fetch GET 200 https://registry.npmjs.org/has 63ms
848 http fetch GET 200 https://registry.npmjs.org/string.prototype.trimleft 62ms
849 http fetch GET 200 https://registry.npmjs.org/is-regex 63ms
850 http fetch GET 200 https://registry.npmjs.org/has-symbols 63ms
851 http fetch GET 200 https://registry.npmjs.org/function-bind 64ms
852 http fetch GET 200 https://registry.npmjs.org/es-to-primitive 64ms
853 http fetch GET 200 https://registry.npmjs.org/is-callable 70ms
854 http fetch GET 200 https://registry.npmjs.org/string.prototype.trimright 73ms
855 http fetch GET 200 https://registry.npmjs.org/string.prototype.trimleft/-/string.prototype.trimleft-2.1.2.tgz 66ms
856 http fetch GET 200 https://registry.npmjs.org/object-inspect/-/object-inspect-1.7.0.tgz 69ms
857 http fetch GET 200 https://registry.npmjs.org/is-regex/-/is-regex-1.0.5.tgz 67ms
858 http fetch GET 200 https://registry.npmjs.org/has-symbols/-/has-symbols-1.0.1.tgz 67ms
859 http fetch GET 200 https://registry.npmjs.org/function-bind/-/function-bind-1.1.1.tgz 67ms
860 http fetch GET 200 https://registry.npmjs.org/es-to-primitive/-/es-to-primitive-1.2.1.tgz 68ms
861 http fetch GET 200 https://registry.npmjs.org/has/-/has-1.0.3.tgz 69ms
862 http fetch GET 200 https://registry.npmjs.org/object.assign/-/object.assign-4.1.0.tgz 71ms
863 http fetch GET 200 https://registry.npmjs.org/string.prototype.trimright/-/string.prototype.trimright-2.1.2.tgz 62ms
864 http fetch GET 200 https://registry.npmjs.org/is-callable/-/is-callable-1.1.5.tgz 65ms
865 silly pacote range manifest for string.prototype.trimleft@^2.1.1 fetched in 147ms
866 silly resolveWithNewModule string.prototype.trimleft@2.1.2 checking installable status
867 silly pacote range manifest for object-inspect@^1.7.0 fetched in 149ms
868 silly resolveWithNewModule object-inspect@1.7.0 checking installable status
869 silly pacote range manifest for is-regex@^1.0.5 fetched in 149ms
870 silly resolveWithNewModule is-regex@1.0.5 checking installable status
871 silly pacote range manifest for has-symbols@^1.0.1 fetched in 149ms
872 silly resolveWithNewModule has-symbols@1.0.1 checking installable status
873 silly pacote range manifest for function-bind@^1.1.1 fetched in 151ms
874 silly resolveWithNewModule function-bind@1.1.1 checking installable status
875 silly pacote range manifest for es-to-primitive@^1.2.1 fetched in 151ms
876 silly resolveWithNewModule es-to-primitive@1.2.1 checking installable status
877 silly pacote range manifest for has@^1.0.3 fetched in 150ms
878 silly resolveWithNewModule has@1.0.3 checking installable status
879 silly pacote range manifest for object.assign@^4.1.0 fetched in 150ms
880 silly resolveWithNewModule object.assign@4.1.0 checking installable status
881 silly pacote range manifest for string.prototype.trimright@^2.1.1 fetched in 150ms
882 silly resolveWithNewModule string.prototype.trimright@2.1.2 checking installable status
883 silly pacote range manifest for is-callable@^1.1.5 fetched in 152ms
884 silly resolveWithNewModule is-callable@1.1.5 checking installable status
885 http fetch GET 200 https://registry.npmjs.org/is-symbol 44ms
886 http fetch GET 200 https://registry.npmjs.org/is-date-object 61ms
887 http fetch GET 200 https://registry.npmjs.org/is-symbol/-/is-symbol-1.0.3.tgz 58ms
888 http fetch GET 200 https://registry.npmjs.org/is-date-object/-/is-date-object-1.0.2.tgz 43ms
889 silly pacote range manifest for is-symbol@^1.0.2 fetched in 105ms
890 silly resolveWithNewModule is-symbol@1.0.3 checking installable status
891 silly pacote range manifest for is-date-object@^1.0.1 fetched in 107ms
892 silly resolveWithNewModule is-date-object@1.0.2 checking installable status
893 http fetch GET 200 https://registry.npmjs.org/string.prototype.trimstart 48ms
894 http fetch GET 200 https://registry.npmjs.org/string.prototype.trimstart/-/string.prototype.trimstart-1.0.1.tgz 52ms
895 silly pacote range manifest for string.prototype.trimstart@^1.0.0 fetched in 104ms
896 silly resolveWithNewModule string.prototype.trimstart@1.0.1 checking installable status
897 http fetch GET 200 https://registry.npmjs.org/string.prototype.trimend 46ms
898 http fetch GET 200 https://registry.npmjs.org/string.prototype.trimend/-/string.prototype.trimend-1.0.1.tgz 52ms
899 silly pacote range manifest for string.prototype.trimend@^1.0.0 fetched in 101ms
900 silly resolveWithNewModule string.prototype.trimend@1.0.1 checking installable status
901 silly pacote range manifest for debug@^3.0.0 fetched in 4ms
902 silly resolveWithNewModule debug@3.2.6 checking installable status
903 http fetch GET 200 https://registry.npmjs.org/request 66ms
904 http fetch GET 200 https://registry.npmjs.org/uuid/-/uuid-3.4.0.tgz 69ms
905 silly pacote range manifest for uuid@^3.0.0 fetched in 73ms
906 silly resolveWithNewModule uuid@3.4.0 checking installable status
907 http fetch GET 200 https://registry.npmjs.org/request/-/request-2.88.2.tgz 53ms
908 silly pacote range manifest for request@^2.88.0 fetched in 124ms
909 warn deprecated request@2.88.2: request has been deprecated, see https://github.com/request/request/issues/3142
910 silly resolveWithNewModule request@2.88.2 checking installable status
911 http fetch GET 200 https://registry.npmjs.org/combined-stream 64ms
912 http fetch GET 200 https://registry.npmjs.org/form-data 63ms
913 http fetch GET 200 https://registry.npmjs.org/aws-sign2 65ms
914 http fetch GET 200 https://registry.npmjs.org/extend 64ms
915 http fetch GET 200 https://registry.npmjs.org/har-validator 64ms
916 http fetch GET 200 https://registry.npmjs.org/forever-agent 65ms
917 http fetch GET 200 https://registry.npmjs.org/caseless 66ms
918 http fetch GET 200 https://registry.npmjs.org/aws4 68ms
919 http fetch GET 200 https://registry.npmjs.org/http-signature 67ms
920 http fetch GET 200 https://registry.npmjs.org/is-typedarray 67ms
921 http fetch GET 200 https://registry.npmjs.org/combined-stream/-/combined-stream-1.0.8.tgz 82ms
922 http fetch GET 200 https://registry.npmjs.org/aws-sign2/-/aws-sign2-0.7.0.tgz 81ms
923 http fetch GET 200 https://registry.npmjs.org/form-data/-/form-data-2.3.3.tgz 83ms
924 http fetch GET 200 https://registry.npmjs.org/har-validator/-/har-validator-5.1.3.tgz 81ms
925 http fetch GET 200 https://registry.npmjs.org/aws4/-/aws4-1.9.1.tgz 79ms
926 http fetch GET 200 https://registry.npmjs.org/caseless/-/caseless-0.12.0.tgz 82ms
927 http fetch GET 200 https://registry.npmjs.org/forever-agent/-/forever-agent-0.6.1.tgz 82ms
928 http fetch GET 200 https://registry.npmjs.org/extend/-/extend-3.0.2.tgz 83ms
929 http fetch GET 200 https://registry.npmjs.org/is-typedarray/-/is-typedarray-1.0.0.tgz 81ms
930 http fetch GET 200 https://registry.npmjs.org/http-signature/-/http-signature-1.2.0.tgz 81ms
931 silly pacote range manifest for aws-sign2@~0.7.0 fetched in 158ms
932 silly resolveWithNewModule aws-sign2@0.7.0 checking installable status
933 silly pacote range manifest for form-data@~2.3.2 fetched in 157ms
934 silly resolveWithNewModule form-data@2.3.3 checking installable status
935 silly pacote range manifest for har-validator@~5.1.3 fetched in 158ms
936 silly resolveWithNewModule har-validator@5.1.3 checking installable status
937 silly pacote range manifest for aws4@^1.8.0 fetched in 159ms
938 silly resolveWithNewModule aws4@1.9.1 checking installable status
939 silly pacote range manifest for caseless@~0.12.0 fetched in 160ms
940 silly resolveWithNewModule caseless@0.12.0 checking installable status
941 silly pacote range manifest for combined-stream@~1.0.6 fetched in 162ms
942 silly resolveWithNewModule combined-stream@1.0.8 checking installable status
943 silly pacote range manifest for forever-agent@~0.6.1 fetched in 162ms
944 silly resolveWithNewModule forever-agent@0.6.1 checking installable status
945 silly pacote range manifest for extend@~3.0.2 fetched in 163ms
946 silly resolveWithNewModule extend@3.0.2 checking installable status
947 silly pacote range manifest for is-typedarray@~1.0.0 fetched in 164ms
948 silly resolveWithNewModule is-typedarray@1.0.0 checking installable status
949 silly pacote range manifest for http-signature@~1.2.0 fetched in 166ms
950 silly resolveWithNewModule http-signature@1.2.0 checking installable status
951 silly pacote range manifest for uuid@^3.3.2 fetched in 4ms
952 silly resolveWithNewModule uuid@3.4.0 checking installable status
953 http fetch GET 200 https://registry.npmjs.org/oauth-sign 55ms
954 http fetch GET 200 https://registry.npmjs.org/json-stringify-safe 56ms
955 http fetch GET 200 https://registry.npmjs.org/qs 53ms
956 http fetch GET 200 https://registry.npmjs.org/performance-now 55ms
957 http fetch GET 200 https://registry.npmjs.org/isstream 62ms
958 http fetch GET 200 https://registry.npmjs.org/mime-types 60ms
959 http fetch GET 200 https://registry.npmjs.org/tough-cookie 57ms
960 http fetch GET 200 https://registry.npmjs.org/tunnel-agent 62ms
961 http fetch GET 200 https://registry.npmjs.org/tough-cookie/-/tough-cookie-2.5.0.tgz 73ms
962 http fetch GET 200 https://registry.npmjs.org/oauth-sign/-/oauth-sign-0.9.0.tgz 80ms
963 http fetch GET 200 https://registry.npmjs.org/qs/-/qs-6.5.2.tgz 84ms
964 http fetch GET 200 https://registry.npmjs.org/json-stringify-safe/-/json-stringify-safe-5.0.1.tgz 85ms
965 http fetch GET 200 https://registry.npmjs.org/isstream/-/isstream-0.1.2.tgz 80ms
966 http fetch GET 200 https://registry.npmjs.org/mime-types/-/mime-types-2.1.27.tgz 79ms
967 http fetch GET 200 https://registry.npmjs.org/performance-now/-/performance-now-2.1.0.tgz 86ms
968 http fetch GET 200 https://registry.npmjs.org/tunnel-agent/-/tunnel-agent-0.6.0.tgz 78ms
969 silly pacote range manifest for tough-cookie@~2.5.0 fetched in 144ms
970 silly resolveWithNewModule tough-cookie@2.5.0 checking installable status
971 silly pacote range manifest for oauth-sign@~0.9.0 fetched in 147ms
972 silly resolveWithNewModule oauth-sign@0.9.0 checking installable status
973 silly pacote range manifest for qs@~6.5.2 fetched in 146ms
974 silly resolveWithNewModule qs@6.5.2 checking installable status
975 silly pacote range manifest for json-stringify-safe@~5.0.1 fetched in 151ms
976 silly resolveWithNewModule json-stringify-safe@5.0.1 checking installable status
977 silly pacote range manifest for mime-types@~2.1.19 fetched in 151ms
978 silly resolveWithNewModule mime-types@2.1.27 checking installable status
979 silly pacote range manifest for performance-now@^2.1.0 fetched in 150ms
980 silly resolveWithNewModule performance-now@2.1.0 checking installable status
981 silly pacote range manifest for isstream@~0.1.2 fetched in 154ms
982 silly resolveWithNewModule isstream@0.1.2 checking installable status
983 silly pacote range manifest for tunnel-agent@^0.6.0 fetched in 148ms
984 silly resolveWithNewModule tunnel-agent@0.6.0 checking installable status
985 http fetch GET 200 https://registry.npmjs.org/delayed-stream 45ms
986 http fetch GET 200 https://registry.npmjs.org/delayed-stream/-/delayed-stream-1.0.0.tgz 45ms
987 silly pacote range manifest for delayed-stream@~1.0.0 fetched in 93ms
988 silly resolveWithNewModule delayed-stream@1.0.0 checking installable status
989 http fetch GET 200 https://registry.npmjs.org/asynckit 56ms
990 http fetch GET 200 https://registry.npmjs.org/asynckit/-/asynckit-0.4.0.tgz 55ms
991 silly pacote range manifest for asynckit@^0.4.0 fetched in 114ms
992 silly resolveWithNewModule asynckit@0.4.0 checking installable status
993 http fetch GET 200 https://registry.npmjs.org/mime-db 79ms
994 http fetch GET 200 https://registry.npmjs.org/mime-db/-/mime-db-1.44.0.tgz 54ms
995 silly pacote version manifest for mime-db@1.44.0 fetched in 136ms
996 silly resolveWithNewModule mime-db@1.44.0 checking installable status
997 http fetch GET 200 https://registry.npmjs.org/har-schema 47ms
998 http fetch GET 200 https://registry.npmjs.org/har-schema/-/har-schema-2.0.0.tgz 52ms
999 silly pacote range manifest for har-schema@^2.0.0 fetched in 102ms
1000 silly resolveWithNewModule har-schema@2.0.0 checking installable status
1001 http fetch GET 200 https://registry.npmjs.org/jsprim 58ms
1002 http fetch GET 200 https://registry.npmjs.org/sshpk 61ms
1003 http fetch GET 200 https://registry.npmjs.org/assert-plus 63ms
1004 http fetch GET 200 https://registry.npmjs.org/sshpk/-/sshpk-1.16.1.tgz 52ms
1005 http fetch GET 200 https://registry.npmjs.org/jsprim/-/jsprim-1.4.1.tgz 56ms
1006 http fetch GET 200 https://registry.npmjs.org/assert-plus/-/assert-plus-1.0.0.tgz 53ms
1007 silly pacote range manifest for sshpk@^1.7.0 fetched in 119ms
1008 silly resolveWithNewModule sshpk@1.16.1 checking installable status
1009 silly pacote range manifest for jsprim@^1.2.2 fetched in 120ms
1010 silly resolveWithNewModule jsprim@1.4.1 checking installable status
1011 silly pacote range manifest for assert-plus@^1.0.0 fetched in 120ms
1012 silly resolveWithNewModule assert-plus@1.0.0 checking installable status
1013 http fetch GET 200 https://registry.npmjs.org/verror 41ms
1014 http fetch GET 200 https://registry.npmjs.org/json-schema 43ms
1015 http fetch GET 200 https://registry.npmjs.org/extsprintf 48ms
1016 http fetch GET 200 https://registry.npmjs.org/verror/-/verror-1.10.0.tgz 63ms
1017 http fetch GET 200 https://registry.npmjs.org/extsprintf/-/extsprintf-1.3.0.tgz 57ms
1018 http fetch GET 200 https://registry.npmjs.org/json-schema/-/json-schema-0.2.3.tgz 61ms
1019 silly pacote version manifest for verror@1.10.0 fetched in 108ms
1020 silly resolveWithNewModule verror@1.10.0 checking installable status
1021 silly pacote version manifest for extsprintf@1.3.0 fetched in 108ms
1022 silly resolveWithNewModule extsprintf@1.3.0 checking installable status
1023 silly pacote version manifest for json-schema@0.2.3 fetched in 109ms
1024 silly resolveWithNewModule json-schema@0.2.3 checking installable status
1025 http fetch GET 200 https://registry.npmjs.org/dashdash 92ms
1026 http fetch GET 200 https://registry.npmjs.org/getpass 91ms
1027 http fetch GET 200 https://registry.npmjs.org/asn1 97ms
1028 http fetch GET 200 https://registry.npmjs.org/ecc-jsbn 95ms
1029 http fetch GET 200 https://registry.npmjs.org/tweetnacl 98ms
1030 http fetch GET 200 https://registry.npmjs.org/jsbn 100ms
1031 http fetch GET 200 https://registry.npmjs.org/bcrypt-pbkdf 101ms
1032 http fetch GET 200 https://registry.npmjs.org/asn1/-/asn1-0.2.4.tgz 74ms
1033 http fetch GET 200 https://registry.npmjs.org/ecc-jsbn/-/ecc-jsbn-0.1.2.tgz 75ms
1034 http fetch GET 200 https://registry.npmjs.org/getpass/-/getpass-0.1.7.tgz 79ms
1035 http fetch GET 200 https://registry.npmjs.org/dashdash/-/dashdash-1.14.1.tgz 80ms
1036 http fetch GET 200 https://registry.npmjs.org/bcrypt-pbkdf/-/bcrypt-pbkdf-1.0.2.tgz 71ms
1037 http fetch GET 200 https://registry.npmjs.org/tweetnacl/-/tweetnacl-0.14.5.tgz 74ms
1038 http fetch GET 200 https://registry.npmjs.org/jsbn/-/jsbn-0.1.1.tgz 73ms
1039 silly pacote range manifest for asn1@~0.2.3 fetched in 178ms
1040 silly resolveWithNewModule asn1@0.2.4 checking installable status
1041 silly pacote range manifest for ecc-jsbn@~0.1.1 fetched in 177ms
1042 silly resolveWithNewModule ecc-jsbn@0.1.2 checking installable status
1043 silly pacote range manifest for getpass@^0.1.1 fetched in 179ms
1044 silly resolveWithNewModule getpass@0.1.7 checking installable status
1045 silly pacote range manifest for dashdash@^1.12.0 fetched in 179ms
1046 silly resolveWithNewModule dashdash@1.14.1 checking installable status
1047 silly pacote range manifest for bcrypt-pbkdf@^1.0.0 fetched in 177ms
1048 silly resolveWithNewModule bcrypt-pbkdf@1.0.2 checking installable status
1049 silly pacote range manifest for tweetnacl@~0.14.0 fetched in 179ms
1050 silly resolveWithNewModule tweetnacl@0.14.5 checking installable status
1051 silly pacote range manifest for jsbn@~0.1.0 fetched in 179ms
1052 silly resolveWithNewModule jsbn@0.1.1 checking installable status
1053 http fetch GET 200 https://registry.npmjs.org/psl 47ms
1054 http fetch GET 200 https://registry.npmjs.org/psl/-/psl-1.8.0.tgz 62ms
1055 silly pacote range manifest for psl@^1.1.28 fetched in 111ms
1056 silly resolveWithNewModule psl@1.8.0 checking installable status
1057 timing stage:loadIdealTree:loadAllDepsIntoIdealTree Completed in 13320ms
1058 timing stage:loadIdealTree Completed in 13465ms
1059 silly currentTree lib
1060 silly idealTree lib
1060 silly idealTree  @angular/cli@9.1.3
1060 silly idealTree    @angular-devkit/architect@0.901.3
1060 silly idealTree    @angular-devkit/core@9.1.3
1060 silly idealTree    @angular-devkit/schematics@9.1.3
1060 silly idealTree    @schematics/angular@9.1.3
1060 silly idealTree    @schematics/update@0.901.3
1060 silly idealTree    @types/color-name@1.1.1
1060 silly idealTree    @yarnpkg/lockfile@1.1.0
1060 silly idealTree    agent-base@4.3.0
1060 silly idealTree    agentkeepalive@3.5.2
1060 silly idealTree    ajv@6.12.0
1060 silly idealTree    ansi-colors@4.1.1
1060 silly idealTree    ansi-escapes@4.3.1
1060 silly idealTree    ansi-regex@5.0.0
1060 silly idealTree    ansi-styles@4.2.1
1060 silly idealTree    aproba@1.2.0
1060 silly idealTree    asap@2.0.6
1060 silly idealTree    asn1@0.2.4
1060 silly idealTree    assert-plus@1.0.0
1060 silly idealTree    asynckit@0.4.0
1060 silly idealTree    aws-sign2@0.7.0
1060 silly idealTree    aws4@1.9.1
1060 silly idealTree    balanced-match@1.0.0
1060 silly idealTree    bcrypt-pbkdf@1.0.2
1060 silly idealTree    bluebird@3.7.2
1060 silly idealTree    brace-expansion@1.1.11
1060 silly idealTree    buffer-from@1.1.1
1060 silly idealTree    builtins@1.0.3
1060 silly idealTree    cacache@12.0.4
1060 silly idealTree     rimraf@2.7.1
1060 silly idealTree    caseless@0.12.0
1060 silly idealTree    chalk@3.0.0
1060 silly idealTree    chardet@0.7.0
1060 silly idealTree    chownr@1.1.4
1060 silly idealTree    cli-cursor@3.1.0
1060 silly idealTree    cli-spinners@2.3.0
1060 silly idealTree    cli-width@2.2.1
1060 silly idealTree    clone@1.0.4
1060 silly idealTree    color-convert@2.0.1
1060 silly idealTree    color-name@1.1.4
1060 silly idealTree    combined-stream@1.0.8
1060 silly idealTree    concat-map@0.0.1
1060 silly idealTree    concat-stream@1.6.2
1060 silly idealTree    copy-concurrently@1.0.5
1060 silly idealTree     rimraf@2.7.1
1060 silly idealTree    core-util-is@1.0.2
1060 silly idealTree    cyclist@1.0.1
1060 silly idealTree    dashdash@1.14.1
1060 silly idealTree    debug@4.1.1
1060 silly idealTree    debuglog@1.0.1
1060 silly idealTree    defaults@1.0.3
1060 silly idealTree    define-properties@1.1.3
1060 silly idealTree    delayed-stream@1.0.0
1060 silly idealTree    dezalgo@1.0.3
1060 silly idealTree    duplexify@3.7.1
1060 silly idealTree    ecc-jsbn@0.1.2
1060 silly idealTree    emoji-regex@8.0.0
1060 silly idealTree    encoding@0.1.12
1060 silly idealTree    end-of-stream@1.4.4
1060 silly idealTree    err-code@1.1.2
1060 silly idealTree    es-abstract@1.17.5
1060 silly idealTree    es-to-primitive@1.2.1
1060 silly idealTree    es6-promise@4.2.8
1060 silly idealTree    es6-promisify@5.0.0
1060 silly idealTree    escape-string-regexp@1.0.5
1060 silly idealTree    extend@3.0.2
1060 silly idealTree    external-editor@3.1.0
1060 silly idealTree    extsprintf@1.3.0
1060 silly idealTree    fast-deep-equal@3.1.1
1060 silly idealTree    fast-json-stable-stringify@2.1.0
1060 silly idealTree    figgy-pudding@3.5.2
1060 silly idealTree    figures@3.2.0
1060 silly idealTree    flush-write-stream@1.1.1
1060 silly idealTree    forever-agent@0.6.1
1060 silly idealTree    form-data@2.3.3
1060 silly idealTree    from2@2.3.0
1060 silly idealTree    fs-minipass@1.2.7
1060 silly idealTree    fs-write-stream-atomic@1.0.10
1060 silly idealTree    fs.realpath@1.0.0
1060 silly idealTree    function-bind@1.1.1
1060 silly idealTree    genfun@5.0.0
1060 silly idealTree    get-stream@4.1.0
1060 silly idealTree    getpass@0.1.7
1060 silly idealTree    glob@7.1.6
1060 silly idealTree    graceful-fs@4.2.4
1060 silly idealTree    har-schema@2.0.0
1060 silly idealTree    har-validator@5.1.3
1060 silly idealTree    has-flag@4.0.0
1060 silly idealTree    has-symbols@1.0.1
1060 silly idealTree    has@1.0.3
1060 silly idealTree    hosted-git-info@3.0.4
1060 silly idealTree    http-cache-semantics@3.8.1
1060 silly idealTree    http-proxy-agent@2.1.0
1060 silly idealTree     debug@3.1.0
1060 silly idealTree     ms@2.0.0
1060 silly idealTree    http-signature@1.2.0
1060 silly idealTree    https-proxy-agent@2.2.4
1060 silly idealTree     debug@3.2.6
1060 silly idealTree    humanize-ms@1.2.1
1060 silly idealTree    iconv-lite@0.4.24
1060 silly idealTree    iferr@0.1.5
1060 silly idealTree    ignore-walk@3.0.3
1060 silly idealTree    imurmurhash@0.1.4
1060 silly idealTree    infer-owner@1.0.4
1060 silly idealTree    inflight@1.0.6
1060 silly idealTree    inherits@2.0.4
1060 silly idealTree    ini@1.3.5
1060 silly idealTree    inquirer@7.1.0
1060 silly idealTree    ip@1.1.5
1060 silly idealTree    is-callable@1.1.5
1060 silly idealTree    is-date-object@1.0.2
1060 silly idealTree    is-docker@2.0.0
1060 silly idealTree    is-fullwidth-code-point@3.0.0
1060 silly idealTree    is-interactive@1.0.0
1060 silly idealTree    is-regex@1.0.5
1060 silly idealTree    is-symbol@1.0.3
1060 silly idealTree    is-typedarray@1.0.0
1060 silly idealTree    is-wsl@2.1.1
1060 silly idealTree    isarray@1.0.0
1060 silly idealTree    isexe@2.0.0
1060 silly idealTree    isstream@0.1.2
1060 silly idealTree    jsbn@0.1.1
1060 silly idealTree    json-parse-better-errors@1.0.2
1060 silly idealTree    json-schema-traverse@0.4.1
1060 silly idealTree    json-schema@0.2.3
1060 silly idealTree    json-stringify-safe@5.0.1
1060 silly idealTree    jsonparse@1.3.1
1060 silly idealTree    JSONStream@1.3.5
1060 silly idealTree    jsprim@1.4.1
1060 silly idealTree    lodash@4.17.15
1060 silly idealTree    log-symbols@3.0.0
1060 silly idealTree     ansi-styles@3.2.1
1060 silly idealTree     chalk@2.4.2
1060 silly idealTree     color-convert@1.9.3
1060 silly idealTree     color-name@1.1.3
1060 silly idealTree     has-flag@3.0.0
1060 silly idealTree     supports-color@5.5.0
1060 silly idealTree    lru-cache@5.1.1
1060 silly idealTree    magic-string@0.25.7
1060 silly idealTree    make-fetch-happen@5.0.2
1060 silly idealTree    mime-db@1.44.0
1060 silly idealTree    mime-types@2.1.27
1060 silly idealTree    mimic-fn@2.1.0
1060 silly idealTree    minimatch@3.0.4
1060 silly idealTree    minimist@1.2.5
1060 silly idealTree    minipass@2.9.0
1060 silly idealTree    minizlib@1.3.3
1060 silly idealTree    mississippi@3.0.0
1060 silly idealTree    mkdirp@0.5.5
1060 silly idealTree    move-concurrently@1.0.1
1060 silly idealTree     rimraf@2.7.1
1060 silly idealTree    ms@2.1.2
1060 silly idealTree    mute-stream@0.0.8
1060 silly idealTree    node-fetch-npm@2.0.4
1060 silly idealTree    normalize-package-data@2.5.0
1060 silly idealTree     hosted-git-info@2.8.8
1060 silly idealTree     semver@5.7.1
1060 silly idealTree    npm-bundled@1.1.1
1060 silly idealTree    npm-install-checks@4.0.0
1060 silly idealTree    npm-normalize-package-bin@1.0.1
1060 silly idealTree    npm-package-arg@8.0.1
1060 silly idealTree    npm-packlist@1.4.8
1060 silly idealTree    npm-pick-manifest@6.0.0
1060 silly idealTree    npm-registry-fetch@4.0.4
1060 silly idealTree     hosted-git-info@2.8.8
1060 silly idealTree     npm-package-arg@6.1.1
1060 silly idealTree     semver@5.7.1
1060 silly idealTree    oauth-sign@0.9.0
1060 silly idealTree    object-inspect@1.7.0
1060 silly idealTree    object-keys@1.1.1
1060 silly idealTree    object.assign@4.1.0
1060 silly idealTree    object.getownpropertydescriptors@2.1.0
1060 silly idealTree    once@1.4.0
1060 silly idealTree    onetime@5.1.0
1060 silly idealTree    open@7.0.3
1060 silly idealTree    ora@4.0.3
1060 silly idealTree    os-homedir@1.0.2
1060 silly idealTree    os-tmpdir@1.0.2
1060 silly idealTree    osenv@0.1.5
1060 silly idealTree    pacote@9.5.12
1060 silly idealTree     hosted-git-info@2.8.8
1060 silly idealTree     npm-package-arg@6.1.1
1060 silly idealTree     npm-pick-manifest@3.0.2
1060 silly idealTree     rimraf@2.7.1
1060 silly idealTree     semver@5.7.1
1060 silly idealTree    parallel-transform@1.2.0
1060 silly idealTree    path-is-absolute@1.0.1
1060 silly idealTree    path-parse@1.0.6
1060 silly idealTree    performance-now@2.1.0
1060 silly idealTree    process-nextick-args@2.0.1
1060 silly idealTree    promise-inflight@1.0.1
1060 silly idealTree    promise-retry@1.1.1
1060 silly idealTree    protoduck@5.0.1
1060 silly idealTree    psl@1.8.0
1060 silly idealTree    pump@3.0.0
1060 silly idealTree    pumpify@1.5.1
1060 silly idealTree     pump@2.0.1
1060 silly idealTree    punycode@2.1.1
1060 silly idealTree    qs@6.5.2
1060 silly idealTree    read-package-json@2.1.1
1060 silly idealTree    read-package-tree@5.3.1
1060 silly idealTree    readable-stream@2.3.7
1060 silly idealTree     safe-buffer@5.1.2
1060 silly idealTree    readdir-scoped-modules@1.1.0
1060 silly idealTree    request@2.88.2
1060 silly idealTree     uuid@3.4.0
1060 silly idealTree    resolve@1.17.0
1060 silly idealTree    restore-cursor@3.1.0
1060 silly idealTree    retry@0.10.1
1060 silly idealTree    rimraf@3.0.2
1060 silly idealTree    run-async@2.4.1
1060 silly idealTree    run-queue@1.0.3
1060 silly idealTree    rxjs@6.5.4
1060 silly idealTree    safe-buffer@5.2.0
1060 silly idealTree    safer-buffer@2.1.2
1060 silly idealTree    semver-intersect@1.4.0
1060 silly idealTree     semver@5.7.1
1060 silly idealTree    semver@7.1.3
1060 silly idealTree    signal-exit@3.0.3
1060 silly idealTree    smart-buffer@4.1.0
1060 silly idealTree    socks-proxy-agent@4.0.2
1060 silly idealTree     agent-base@4.2.1
1060 silly idealTree    socks@2.3.3
1060 silly idealTree    source-map@0.7.3
1060 silly idealTree    sourcemap-codec@1.4.8
1060 silly idealTree    spdx-correct@3.1.0
1060 silly idealTree    spdx-exceptions@2.3.0
1060 silly idealTree    spdx-expression-parse@3.0.0
1060 silly idealTree    spdx-license-ids@3.0.5
1060 silly idealTree    sshpk@1.16.1
1060 silly idealTree    ssri@6.0.1
1060 silly idealTree    stream-each@1.2.3
1060 silly idealTree    stream-shift@1.0.1
1060 silly idealTree    string_decoder@1.1.1
1060 silly idealTree     safe-buffer@5.1.2
1060 silly idealTree    string-width@4.2.0
1060 silly idealTree    string.prototype.trimend@1.0.1
1060 silly idealTree    string.prototype.trimleft@2.1.2
1060 silly idealTree    string.prototype.trimright@2.1.2
1060 silly idealTree    string.prototype.trimstart@1.0.1
1060 silly idealTree    strip-ansi@6.0.0
1060 silly idealTree    supports-color@7.1.0
1060 silly idealTree    symbol-observable@1.2.0
1060 silly idealTree    tar@4.4.13
1060 silly idealTree    through@2.3.8
1060 silly idealTree    through2@2.0.5
1060 silly idealTree    tmp@0.0.33
1060 silly idealTree    tough-cookie@2.5.0
1060 silly idealTree    tslib@1.11.1
1060 silly idealTree    tunnel-agent@0.6.0
1060 silly idealTree    tweetnacl@0.14.5
1060 silly idealTree    type-fest@0.11.0
1060 silly idealTree    typedarray@0.0.6
1060 silly idealTree    unique-filename@1.1.1
1060 silly idealTree    unique-slug@2.0.2
1060 silly idealTree    universal-analytics@0.4.20
1060 silly idealTree     debug@3.2.6
1060 silly idealTree     uuid@3.4.0
1060 silly idealTree    uri-js@4.2.2
1060 silly idealTree    util-deprecate@1.0.2
1060 silly idealTree    util-promisify@2.1.0
1060 silly idealTree    uuid@7.0.2
1060 silly idealTree    validate-npm-package-license@3.0.4
1060 silly idealTree    validate-npm-package-name@3.0.0
1060 silly idealTree    verror@1.10.0
1060 silly idealTree    wcwidth@1.0.1
1060 silly idealTree    which@1.3.1
1060 silly idealTree    wrappy@1.0.2
1060 silly idealTree    xtend@4.0.2
1060 silly idealTree    y18n@4.0.0
1060 silly idealTree    yallist@3.1.1
1061 silly install generateActionsToTake
1062 warn checkPermissions Missing write access to /usr/lib/node_modules
1063 timing stage:rollbackFailedOptional Completed in 0ms
1064 timing stage:runTopLevelLifecycles Completed in 13917ms
1065 verbose stack Error: EACCES: permission denied, access '/usr/lib/node_modules'
1066 verbose cwd /home/user
1067 verbose Linux 3.10.0-1062.12.1.el7.x86_64
1068 verbose argv "/usr/bin/node" "/usr/bin/npm" "install" "-g" "@angular/cli"
1069 verbose node v12.16.3
1070 verbose npm  v6.14.4
1071 error code EACCES
1072 error syscall access
1073 error path /usr/lib/node_modules
1074 error errno -13
1075 error Error: EACCES: permission denied, access '/usr/lib/node_modules'
1075 error  [Error: EACCES: permission denied, access '/usr/lib/node_modules'] {
1075 error   errno: -13,
1075 error   code: 'EACCES',
1075 error   syscall: 'access',
1075 error   path: '/usr/lib/node_modules'
1075 error }
1076 error The operation was rejected by your operating system.
1076 error It is likely you do not have the permissions to access this file as the current user
1076 error
1076 error If you believe this might be a permissions issue, please double-check the
1076 error permissions of the file and its containing directories, or try running
1076 error the command again as root/Administrator.
1077 verbose exit [ -13, true ]
